<?xml version="1.0" encoding="UTF-8"?>
<!-- Generated by org.testng.reporters.JUnitXMLReporter -->
<testsuite ignored="0" hostname="DESKTOP-TAQ1EJT" failures="0" tests="4" name="Surefire test" time="22.245" errors="0" timestamp="2026-01-02T12:14:14 IST">
  <testcase classname="spec.petServiceSpecTest" name="addingPet" time="5.375"/>
  <testcase classname="spec.petServiceSpecTest" name="addingPetByGettingExcel" time="2.745"/>
  <testcase classname="spec.petServiceSpecTest" name="findByPetStatus" time="3.365"/>
  <testcase classname="spec.petServiceSpecTest" name="uploadPetImage" time="9.707"/>
</testsuite> <!-- Surefire test -->
