{"uuid":"61c88e5f-b563-4a3b-bd65-0f2e7994f49f","historyId":"fda74dc163735bab6768d3cc6fcebcda","fullName":"spec.petServiceSpecTest.addingPet","labels":[{"name":"package","value":"spec.petServiceSpecTest"},{"name":"testClass","value":"spec.petServiceSpecTest"},{"name":"testMethod","value":"addingPet"},{"name":"parentSuite","value":"Surefire suite"},{"name":"suite","value":"Surefire test"},{"name":"subSuite","value":"spec.petServiceSpecTest"},{"name":"host","value":"DESKTOP-TAQ1EJT"},{"name":"thread","value":"14228@DESKTOP-TAQ1EJT.main(1)"},{"name":"framework","value":"testng"},{"name":"language","value":"java"}],"links":[],"name":"addingPet","status":"broken","statusDetails":{"known":false,"muted":false,"flaky":false,"message":"Failed to deserialize response into POJO","trace":"java.lang.RuntimeException: Failed to deserialize response into POJO\r\n\tat responseValiddationMethods.petServiceValidationMethods.addingNewPetValidation(petServiceValidationMethods.java:74)\r\n\tat spec.petServiceSpecTest.addingPet(petServiceSpecTest.java:29)\r\n\tat java.base/jdk.internal.reflect.DirectMethodHandleAccessor.invoke(DirectMethodHandleAccessor.java:103)\r\n\tat java.base/java.lang.reflect.Method.invoke(Method.java:580)\r\n\tat org.testng.internal.invokers.MethodInvocationHelper.invokeMethod(MethodInvocationHelper.java:139)\r\n\tat org.testng.internal.invokers.TestInvoker.invokeMethod(TestInvoker.java:664)\r\n\tat org.testng.internal.invokers.TestInvoker.invokeTestMethod(TestInvoker.java:228)\r\n\tat org.testng.internal.invokers.MethodRunner.runInSequence(MethodRunner.java:63)\r\n\tat org.testng.internal.invokers.TestInvoker$MethodInvocationAgent.invoke(TestInvoker.java:961)\r\n\tat org.testng.internal.invokers.TestInvoker.invokeTestMethods(TestInvoker.java:201)\r\n\tat org.testng.internal.invokers.TestMethodWorker.invokeTestMethods(TestMethodWorker.java:148)\r\n\tat org.testng.internal.invokers.TestMethodWorker.run(TestMethodWorker.java:128)\r\n\tat java.base/java.util.ArrayList.forEach(ArrayList.java:1596)\r\n\tat org.testng.TestRunner.privateRun(TestRunner.java:819)\r\n\tat org.testng.TestRunner.run(TestRunner.java:619)\r\n\tat org.testng.SuiteRunner.runTest(SuiteRunner.java:443)\r\n\tat org.testng.SuiteRunner.runSequentially(SuiteRunner.java:437)\r\n\tat org.testng.SuiteRunner.privateRun(SuiteRunner.java:397)\r\n\tat org.testng.SuiteRunner.run(SuiteRunner.java:336)\r\n\tat org.testng.SuiteRunnerWorker.runSuite(SuiteRunnerWorker.java:52)\r\n\tat org.testng.SuiteRunnerWorker.run(SuiteRunnerWorker.java:95)\r\n\tat org.testng.TestNG.runSuitesSequentially(TestNG.java:1301)\r\n\tat org.testng.TestNG.runSuitesLocally(TestNG.java:1228)\r\n\tat org.testng.TestNG.runSuites(TestNG.java:1134)\r\n\tat org.testng.TestNG.run(TestNG.java:1101)\r\n\tat org.apache.maven.surefire.testng.TestNGExecutor.run(TestNGExecutor.java:155)\r\n\tat org.apache.maven.surefire.testng.TestNGDirectoryTestSuite.executeSingleClass(TestNGDirectoryTestSuite.java:102)\r\n\tat org.apache.maven.surefire.testng.TestNGDirectoryTestSuite.execute(TestNGDirectoryTestSuite.java:91)\r\n\tat org.apache.maven.surefire.testng.TestNGProvider.invoke(TestNGProvider.java:137)\r\n\tat org.apache.maven.surefire.booter.ForkedBooter.runSuitesInProcess(ForkedBooter.java:385)\r\n\tat org.apache.maven.surefire.booter.ForkedBooter.execute(ForkedBooter.java:162)\r\n\tat org.apache.maven.surefire.booter.ForkedBooter.run(ForkedBooter.java:507)\r\n\tat org.apache.maven.surefire.booter.ForkedBooter.main(ForkedBooter.java:495)\r\nCaused by: tools.jackson.core.exc.StreamReadException: Unexpected character ('<' (code 60)): expected a valid value (JSON String, Number, Array, Object or token 'null', 'true' or 'false')\n at [Source: REDACTED (`StreamReadFeature.INCLUDE_SOURCE_IN_LOCATION` disabled); byte offset: #UNKNOWN]\r\n\tat tools.jackson.core.JsonParser._constructReadException(JsonParser.java:1800)\r\n\tat tools.jackson.core.base.ParserMinimalBase._reportUnexpectedChar(ParserMinimalBase.java:1049)\r\n\tat tools.jackson.core.json.ReaderBasedJsonParser._handleOddValue(ReaderBasedJsonParser.java:2061)\r\n\tat tools.jackson.core.json.ReaderBasedJsonParser.nextToken(ReaderBasedJsonParser.java:791)\r\n\tat tools.jackson.databind.ObjectMapper._initForReading(ObjectMapper.java:2708)\r\n\tat tools.jackson.databind.ObjectMapper._readMapAndClose(ObjectMapper.java:2605)\r\n\tat tools.jackson.databind.ObjectMapper.readValue(ObjectMapper.java:1522)\r\n\tat responseValiddationMethods.petServiceValidationMethods.addingNewPetValidation(petServiceValidationMethods.java:67)\r\n\t... 32 more\r\n"},"stage":"finished","steps":[],"attachments":[{"name":"Request","source":"12bb3ae9-9947-42a1-b87e-c3b70453182b-attachment.html","type":"text/html"},{"name":"HTTP/1.1 404 Not Found","source":"37ef5b93-7dc6-492e-9a13-8c351b19ebef-attachment.html","type":"text/html"}],"parameters":[],"start":1767076860381,"stop":1767076868331}