{"uuid":"ed9fe487-24b7-48a3-8570-01b417ad1af1","historyId":"b6e4c9254b834d18157acbf4d589ec4b","fullName":"spec.petServiceSpecTest.findByPetStatus","labels":[{"name":"package","value":"spec.petServiceSpecTest"},{"name":"testClass","value":"spec.petServiceSpecTest"},{"name":"testMethod","value":"findByPetStatus"},{"name":"parentSuite","value":"Surefire suite"},{"name":"suite","value":"Surefire test"},{"name":"subSuite","value":"spec.petServiceSpecTest"},{"name":"host","value":"DESKTOP-TAQ1EJT"},{"name":"thread","value":"13592@DESKTOP-TAQ1EJT.main(1)"},{"name":"framework","value":"testng"},{"name":"language","value":"java"}],"links":[],"name":"findByPetStatus","status":"broken","statusDetails":{"known":false,"muted":false,"flaky":false,"message":"Failed to deserialize response into POJO","trace":"java.lang.RuntimeException: Failed to deserialize response into POJO\r\n\tat responseValiddationMethods.petServiceValidationMethods.findPetByStatusValidation(petServiceValidationMethods.java:112)\r\n\tat spec.petServiceSpecTest.findByPetStatus(petServiceSpecTest.java:37)\r\n\tat java.base/jdk.internal.reflect.DirectMethodHandleAccessor.invoke(DirectMethodHandleAccessor.java:103)\r\n\tat java.base/java.lang.reflect.Method.invoke(Method.java:580)\r\n\tat org.testng.internal.invokers.MethodInvocationHelper.invokeMethod(MethodInvocationHelper.java:139)\r\n\tat org.testng.internal.invokers.TestInvoker.invokeMethod(TestInvoker.java:664)\r\n\tat org.testng.internal.invokers.TestInvoker.invokeTestMethod(TestInvoker.java:228)\r\n\tat org.testng.internal.invokers.MethodRunner.runInSequence(MethodRunner.java:63)\r\n\tat org.testng.internal.invokers.TestInvoker$MethodInvocationAgent.invoke(TestInvoker.java:961)\r\n\tat org.testng.internal.invokers.TestInvoker.invokeTestMethods(TestInvoker.java:201)\r\n\tat org.testng.internal.invokers.TestMethodWorker.invokeTestMethods(TestMethodWorker.java:148)\r\n\tat org.testng.internal.invokers.TestMethodWorker.run(TestMethodWorker.java:128)\r\n\tat java.base/java.util.ArrayList.forEach(ArrayList.java:1596)\r\n\tat org.testng.TestRunner.privateRun(TestRunner.java:819)\r\n\tat org.testng.TestRunner.run(TestRunner.java:619)\r\n\tat org.testng.SuiteRunner.runTest(SuiteRunner.java:443)\r\n\tat org.testng.SuiteRunner.runSequentially(SuiteRunner.java:437)\r\n\tat org.testng.SuiteRunner.privateRun(SuiteRunner.java:397)\r\n\tat org.testng.SuiteRunner.run(SuiteRunner.java:336)\r\n\tat org.testng.SuiteRunnerWorker.runSuite(SuiteRunnerWorker.java:52)\r\n\tat org.testng.SuiteRunnerWorker.run(SuiteRunnerWorker.java:95)\r\n\tat org.testng.TestNG.runSuitesSequentially(TestNG.java:1301)\r\n\tat org.testng.TestNG.runSuitesLocally(TestNG.java:1228)\r\n\tat org.testng.TestNG.runSuites(TestNG.java:1134)\r\n\tat org.testng.TestNG.run(TestNG.java:1101)\r\n\tat org.apache.maven.surefire.testng.TestNGExecutor.run(TestNGExecutor.java:155)\r\n\tat org.apache.maven.surefire.testng.TestNGDirectoryTestSuite.executeSingleClass(TestNGDirectoryTestSuite.java:102)\r\n\tat org.apache.maven.surefire.testng.TestNGDirectoryTestSuite.execute(TestNGDirectoryTestSuite.java:91)\r\n\tat org.apache.maven.surefire.testng.TestNGProvider.invoke(TestNGProvider.java:137)\r\n\tat org.apache.maven.surefire.booter.ForkedBooter.runSuitesInProcess(ForkedBooter.java:385)\r\n\tat org.apache.maven.surefire.booter.ForkedBooter.execute(ForkedBooter.java:162)\r\n\tat org.apache.maven.surefire.booter.ForkedBooter.run(ForkedBooter.java:507)\r\n\tat org.apache.maven.surefire.booter.ForkedBooter.main(ForkedBooter.java:495)\r\nCaused by: tools.jackson.databind.exc.MismatchedInputException: Cannot deserialize value of type `responsePojo.addingPetResponsePojo` from Array value (token `JsonToken.START_ARRAY`)\n at [Source: REDACTED (`StreamReadFeature.INCLUDE_SOURCE_IN_LOCATION` disabled); byte offset: #UNKNOWN]\r\n\tat tools.jackson.databind.exc.MismatchedInputException.from(MismatchedInputException.java:63)\r\n\tat tools.jackson.databind.DeserializationContext.reportInputMismatch(DeserializationContext.java:1818)\r\n\tat tools.jackson.databind.DeserializationContext.handleUnexpectedToken(DeserializationContext.java:1614)\r\n\tat tools.jackson.databind.DeserializationContext.handleUnexpectedToken(DeserializationContext.java:1563)\r\n\tat tools.jackson.databind.deser.bean.BeanDeserializer._deserializeFromArray(BeanDeserializer.java:836)\r\n\tat tools.jackson.databind.deser.bean.BeanDeserializer._deserializeOther(BeanDeserializer.java:226)\r\n\tat tools.jackson.databind.deser.bean.BeanDeserializer.deserialize(BeanDeserializer.java:202)\r\n\tat tools.jackson.databind.deser.DeserializationContextExt.readRootValue(DeserializationContextExt.java:265)\r\n\tat tools.jackson.databind.ObjectMapper._readMapAndClose(ObjectMapper.java:2615)\r\n\tat tools.jackson.databind.ObjectMapper.readValue(ObjectMapper.java:1522)\r\n\tat responseValiddationMethods.petServiceValidationMethods.findPetByStatusValidation(petServiceValidationMethods.java:105)\r\n\t... 32 more\r\n"},"stage":"finished","steps":[],"attachments":[{"name":"Request","source":"56437ff3-4ea2-4521-a43c-7835785bb556-attachment.html","type":"text/html"},{"name":"HTTP/1.1 200 OK","source":"e26b900b-027c-4627-8393-344fd2f20708-attachment.html","type":"text/html"}],"parameters":[],"start":1767162280085,"stop":1767162286929}