<?xml version="1.0" encoding="UTF-8"?>
<testsuite xmlns:xsi="http://www.w3.org/2001/XMLSchema-instance" xsi:noNamespaceSchemaLocation="https://maven.apache.org/surefire/maven-surefire-plugin/xsd/surefire-test-report.xsd" version="3.0.2" name="spec.petServiceSpecTest" time="25.251" tests="4" errors="0" skipped="0" failures="0">
  <properties>
[...]
</properties>
  <testcase name="addingPet" classname="spec.petServiceSpecTest" time="5.287">
    <system-out><![CDATA[ENV USED = PROD
BASE URI = https://petstore.swagger.io
this is common request class methodhttps://petstore.swagger.io
no environment
{"id":9223372036854775807,"category":{"id":0,"name":"string"},"name":"doggie","photoUrls":["string"],"tags":[{"id":0,"name":"string"}],"status":"available"}
]]></system-out>
    <system-err><![CDATA[SLF4J: Failed to load class "org.slf4j.impl.StaticLoggerBinder".
SLF4J: Defaulting to no-operation (NOP) logger implementation
SLF4J: See http://www.slf4j.org/codes.html#StaticLoggerBinder for further details.
]]></system-err>
  </testcase>
  <testcase name="addingPetByGettingExcel" classname="spec.petServiceSpecTest" time="2.75">
    <system-out><![CDATA[ENV USED = PROD
BASE URI = https://petstore.swagger.io
2026-01-02T06:43:58.302428100Z main ERROR Log4j API could not find a logging provider.
{"id":9223372036854775807,"category":{"id":0,"name":"string"},"name":"doggie","photoUrls":["string"],"tags":[{"id":0,"name":"string"}],"status":"available"}
]]></system-out>
  </testcase>
  <testcase name="findByPetStatus" classname="spec.petServiceSpecTest" time="3.52">
    <system-out><![CDATA[ENV USED = PROD
BASE URI = https://petstore.swagger.io
[{"id":611888,"category":{"id":1,"name":"Dogs"},"name":"TestPet_XML","photoUrls":["https://example.com/photo1.jpg"],"tags":[{"id":1,"name":"test-tag"}],"status":"available"},{"id":496551,"category":{"id":496551,"name":"kangs name"},"name":"doggie","photoUrls":["kangs url"],"tags":[{"id":496551,"name":"kangs tag 496551"}],"status":"available"},{"id":432456,"category":{"id":432456,"name":"kangs name"},"name":"doggie","photoUrls":["kangs url"],"tags":[{"id":432456,"name":"kangs tag 432456"}],"status":"available"},{"id":723210,"category":{"id":723210,"name":"kangs name"},"name":"doggie","photoUrls":["kangs url"],"tags":[{"id":723210,"name":"kangs tag 723210"}],"status":"available"},{"id":344328,"category":{"id":344328,"name":"kangs name"},"name":"doggie","photoUrls":["kangs url"],"tags":[{"id":344328,"name":"kangs tag 344328"}],"status":"available"},{"id":849996,"category":{"id":849996,"name":"kangs name"},"name":"doggie","photoUrls":["kangs url"],"tags":[{"id":849996,"name":"kangs tag 849996"}],"status":"available"},{"id":488788,"category":{"id":1,"name":"Dogs"},"name":"TestPet_XML","photoUrls":["https://example.com/photo1.jpg"],"tags":[{"id":1,"name":"test-tag"}],"status":"available"},{"id":902574,"category":{"id":902574,"name":"kangs name"},"name":"doggie","photoUrls":["kangs url"],"tags":[{"id":902574,"name":"kangs tag 902574"}],"status":"available"},{"id":688940,"category":{"id":688940,"name":"kangs name"},"name":"doggie","photoUrls":["kangs url"],"tags":[{"id":688940,"name":"kangs tag 688940"}],"status":"available"},{"id":217744,"category":{"id":217744,"name":"kangs name"},"name":"doggie","photoUrls":["kangs url"],"tags":[{"id":217744,"name":"kangs tag 217744"}],"status":"available"},{"id":963871,"category":{"id":963871,"name":"kangs name"},"name":"doggie","photoUrls":["kangs url"],"tags":[{"id":963871,"name":"kangs tag 963871"}],"status":"available"},{"id":17238,"category":{"id":17238,"name":"kangs name"},"name":"doggie","photoUrls":["kangs url"],"tags":[{"id":17238,"name":"kangs tag 17238"}],"status":"available"},{"id":421654,"category":{"id":421654,"name":"kangs name"},"name":"doggie","photoUrls":["kangs url"],"tags":[{"id":421654,"name":"kangs tag 421654"}],"status":"available"},{"id":466184,"category":{"id":466184,"name":"kangs name"},"name":"doggie","photoUrls":["kangs url"],"tags":[{"id":466184,"name":"kangs tag 466184"}],"status":"available"},{"id":492793,"category":{"id":1,"name":"Dogs"},"name":"TestPet_XML","photoUrls":["https://example.com/photo1.jpg"],"tags":[{"id":1,"name":"test-tag"}],"status":"available"},{"id":238825,"category":{"id":238825,"name":"kangs name"},"name":"doggie","photoUrls":["kangs url"],"tags":[{"id":238825,"name":"kangs tag 238825"}],"status":"available"},{"id":602597,"category":{"id":602597,"name":"kangs name"},"name":"doggie","photoUrls":["kangs url"],"tags":[{"id":602597,"name":"kangs tag 602597"}],"status":"available"},{"id":438118,"category":{"id":438118,"name":"kangs name"},"name":"doggie","photoUrls":["kangs url"],"tags":[{"id":438118,"name":"kangs tag 438118"}],"status":"available"},{"id":374948,"category":{"id":374948,"name":"kangs name"},"name":"doggie","photoUrls":["kangs url"],"tags":[{"id":374948,"name":"kangs tag 374948"}],"status":"available"},{"id":523338,"category":{"id":523338,"name":"kangs name"},"name":"doggie","photoUrls":["kangs url"],"tags":[{"id":523338,"name":"kangs tag 523338"}],"status":"available"},{"id":552669,"category":{"id":552669,"name":"kangs name"},"name":"doggie","photoUrls":["kangs url"],"tags":[{"id":552669,"name":"kangs tag 552669"}],"status":"available"},{"id":517573,"category":{"id":517573,"name":"kangs name"},"name":"doggie","photoUrls":["kangs url"],"tags":[{"id":517573,"name":"kangs tag 517573"}],"status":"available"},{"id":313583,"category":{"id":1,"name":"Dogs"},"name":"TestPet_XML","photoUrls":["https://example.com/photo1.jpg"],"tags":[{"id":1,"name":"test-tag"}],"status":"available"},{"id":21415,"category":{"id":21415,"name":"kangs name"},"name":"doggie","photoUrls":["kangs url"],"tags":[{"id":21415,"name":"kangs tag 21415"}],"status":"available"},{"id":665218,"category":{"id":665218,"name":"kangs name"},"name":"doggie","photoUrls":["kangs url"],"tags":[{"id":665218,"name":"kangs tag 665218"}],"status":"available"},{"id":48972,"category":{"id":48972,"name":"kangs name"},"name":"doggie","photoUrls":["kangs url"],"tags":[{"id":48972,"name":"kangs tag 48972"}],"status":"available"},{"id":885229,"category":{"id":885229,"name":"kangs name"},"name":"doggie","photoUrls":["kangs url"],"tags":[{"id":885229,"name":"kangs tag 885229"}],"status":"available"},{"id":232609,"category":{"id":232609,"name":"kangs name"},"name":"doggie","photoUrls":["kangs url"],"tags":[{"id":232609,"name":"kangs tag 232609"}],"status":"available"},{"id":42052,"category":{"id":42052,"name":"kangs name"},"name":"doggie","photoUrls":["kangs url"],"tags":[{"id":42052,"name":"kangs tag 42052"}],"status":"available"},{"id":501527,"category":{"id":501527,"name":"kangs name"},"name":"doggie","photoUrls":["kangs url"],"tags":[{"id":501527,"name":"kangs tag 501527"}],"status":"available"},{"id":48514,"category":{"id":48514,"name":"kangs name"},"name":"doggie","photoUrls":["kangs url"],"tags":[{"id":48514,"name":"kangs tag 48514"}],"status":"available"},{"id":943596,"category":{"id":943596,"name":"kangs name"},"name":"doggie","photoUrls":["kangs url"],"tags":[{"id":943596,"name":"kangs tag 943596"}],"status":"available"},{"id":867386,"category":{"id":867386,"name":"kangs name"},"name":"doggie","photoUrls":["kangs url"],"tags":[{"id":867386,"name":"kangs tag 867386"}],"status":"available"},{"id":636229,"category":{"id":636229,"name":"kangs name"},"name":"doggie","photoUrls":["kangs url"],"tags":[{"id":636229,"name":"kangs tag 636229"}],"status":"available"},{"id":79001,"category":{"id":79001,"name":"kangs name"},"name":"doggie","photoUrls":["kangs url"],"tags":[{"id":79001,"name":"kangs tag 79001"}],"status":"available"},{"id":328420,"category":{"id":11,"name":"kangs name"},"name":"doggie","photoUrls":["kangs url"],"tags":[{"id":11,"name":"kangs tag 11"}],"status":"available"},{"id":632167,"category":{"id":632167,"name":"kangs name"},"name":"doggie","photoUrls":["kangs url"],"tags":[{"id":632167,"name":"kangs tag 632167"}],"status":"available"},{"id":290100,"category":{"id":290100,"name":"kangs name"},"name":"doggie","photoUrls":["kangs url"],"tags":[{"id":290100,"name":"kangs tag 290100"}],"status":"available"},{"id":585540,"category":{"id":585540,"name":"kangs name"},"name":"doggie","photoUrls":["kangs url"],"tags":[{"id":585540,"name":"kangs tag 585540"}],"status":"available"},{"id":352448,"category":{"id":352448,"name":"kangs name"},"name":"doggie","photoUrls":["kangs url"],"tags":[{"id":352448,"name":"kangs tag 352448"}],"status":"available"},{"id":721111,"category":{"id":721111,"name":"kangs name"},"name":"doggie","photoUrls":["kangs url"],"tags":[{"id":721111,"name":"kangs tag 721111"}],"status":"available"},{"id":970062,"category":{"id":970062,"name":"kangs name"},"name":"doggie","photoUrls":["kangs url"],"tags":[{"id":970062,"name":"kangs tag 970062"}],"status":"available"},{"id":343025,"category":{"id":343025,"name":"kangs name"},"name":"doggie","photoUrls":["kangs url"],"tags":[{"id":343025,"name":"kangs tag 343025"}],"status":"available"},{"id":723270,"category":{"id":723270,"name":"kangs name"},"name":"doggie","photoUrls":["kangs url"],"tags":[{"id":723270,"name":"kangs tag 723270"}],"status":"available"},{"id":317487,"category":{"id":1,"name":"Dogs"},"name":"TestPet_XML","photoUrls":["https://example.com/photo1.jpg"],"tags":[{"id":1,"name":"test-tag"}],"status":"available"},{"id":969954,"category":{"id":1,"name":"Dogs"},"name":"TestPet_XML","photoUrls":["https://example.com/photo1.jpg"],"tags":[{"id":1,"name":"test-tag"}],"status":"available"},{"id":234579,"category":{"id":234579,"name":"kangs name"},"name":"doggie","photoUrls":["kangs url"],"tags":[{"id":234579,"name":"kangs tag 234579"}],"status":"available"},{"id":340909,"category":{"id":340909,"name":"kangs name"},"name":"doggie","photoUrls":["kangs url"],"tags":[{"id":340909,"name":"kangs tag 340909"}],"status":"available"},{"id":46155,"category":{"id":46155,"name":"kangs name"},"name":"doggie","photoUrls":["kangs url"],"tags":[{"id":46155,"name":"kangs tag 46155"}],"status":"available"},{"id":671374,"category":{"id":671374,"name":"kangs name"},"name":"doggie","photoUrls":["kangs url"],"tags":[{"id":671374,"name":"kangs tag 671374"}],"status":"available"},{"id":64092,"category":{"id":11,"name":"kangs name"},"name":"doggie","photoUrls":["kangs url"],"tags":[{"id":11,"name":"kangs tag 11"}],"status":"available"},{"id":547038,"category":{"id":547038,"name":"kangs name"},"name":"doggie","photoUrls":["kangs url"],"tags":[{"id":547038,"name":"kangs tag 547038"}],"status":"available"},{"id":565598,"category":{"id":565598,"name":"kangs name"},"name":"doggie","photoUrls":["kangs url"],"tags":[{"id":565598,"name":"kangs tag 565598"}],"status":"available"},{"id":515507,"category":{"id":515507,"name":"kangs name"},"name":"doggie","photoUrls":["kangs url"],"tags":[{"id":515507,"name":"kangs tag 515507"}],"status":"available"},{"id":957702,"category":{"id":957702,"name":"kangs name"},"name":"doggie","photoUrls":["kangs url"],"tags":[{"id":957702,"name":"kangs tag 957702"}],"status":"available"},{"id":496777,"category":{"id":1,"name":"Dogs"},"name":"TestPet_XML","photoUrls":["https://example.com/photo1.jpg"],"tags":[{"id":1,"name":"test-tag"}],"status":"available"},{"id":15139,"category":{"id":15139,"name":"kangs name"},"name":"doggie","photoUrls":["kangs url"],"tags":[{"id":15139,"name":"kangs tag 15139"}],"status":"available"},{"id":869680,"category":{"id":869680,"name":"kangs name"},"name":"doggie","photoUrls":["kangs url"],"tags":[{"id":869680,"name":"kangs tag 869680"}],"status":"available"},{"id":176881,"category":{"id":176881,"name":"kangs name"},"name":"doggie","photoUrls":["kangs url"],"tags":[{"id":176881,"name":"kangs tag 176881"}],"status":"available"},{"id":368880,"category":{"id":368880,"name":"kangs name"},"name":"doggie","photoUrls":["kangs url"],"tags":[{"id":368880,"name":"kangs tag 368880"}],"status":"available"},{"id":757454,"category":{"id":757454,"name":"kangs name"},"name":"doggie","photoUrls":["kangs url"],"tags":[{"id":757454,"name":"kangs tag 757454"}],"status":"available"},{"id":948027,"category":{"id":948027,"name":"kangs name"},"name":"doggie","photoUrls":["kangs url"],"tags":[{"id":948027,"name":"kangs tag 948027"}],"status":"available"},{"id":921257,"category":{"id":921257,"name":"kangs name"},"name":"doggie","photoUrls":["kangs url"],"tags":[{"id":921257,"name":"kangs tag 921257"}],"status":"available"},{"id":385177,"category":{"id":11,"name":"kangs name"},"name":"doggie","photoUrls":["kangs url"],"tags":[{"id":11,"name":"kangs tag 11"}],"status":"available"},{"id":133406,"category":{"id":133406,"name":"kangs name"},"name":"doggie","photoUrls":["kangs url"],"tags":[{"id":133406,"name":"kangs tag 133406"}],"status":"available"},{"id":825580,"category":{"id":825580,"name":"kangs name"},"name":"doggie","photoUrls":["kangs url"],"tags":[{"id":825580,"name":"kangs tag 825580"}],"status":"available"},{"id":482489,"category":{"id":482489,"name":"kangs name"},"name":"doggie","photoUrls":["kangs url"],"tags":[{"id":482489,"name":"kangs tag 482489"}],"status":"available"},{"id":388143,"category":{"id":388143,"name":"kangs name"},"name":"doggie","photoUrls":["kangs url"],"tags":[{"id":388143,"name":"kangs tag 388143"}],"status":"available"},{"id":652998,"category":{"id":652998,"name":"kangs name"},"name":"doggie","photoUrls":["kangs url"],"tags":[{"id":652998,"name":"kangs tag 652998"}],"status":"available"},{"id":22631,"category":{"id":22631,"name":"kangs name"},"name":"doggie","photoUrls":["kangs url"],"tags":[{"id":22631,"name":"kangs tag 22631"}],"status":"available"},{"id":10957,"category":{"id":10957,"name":"kangs name"},"name":"doggie","photoUrls":["kangs url"],"tags":[{"id":10957,"name":"kangs tag 10957"}],"status":"available"},{"id":500652,"category":{"id":1,"name":"Dogs"},"name":"TestPet_XML","photoUrls":["https://example.com/photo1.jpg"],"tags":[{"id":1,"name":"test-tag"}],"status":"available"},{"id":671012,"category":{"id":671012,"name":"kangs name"},"name":"doggie","photoUrls":["kangs url"],"tags":[{"id":671012,"name":"kangs tag 671012"}],"status":"available"},{"id":900821,"category":{"id":900821,"name":"kangs name"},"name":"doggie","photoUrls":["kangs url"],"tags":[{"id":900821,"name":"kangs tag 900821"}],"status":"available"},{"id":952408,"category":{"id":1,"name":"Dogs"},"name":"TestPet_XML","photoUrls":["https://example.com/photo1.jpg"],"tags":[{"id":1,"name":"test-tag"}],"status":"available"},{"id":307730,"category":{"id":307730,"name":"kangs name"},"name":"doggie","photoUrls":["kangs url"],"tags":[{"id":307730,"name":"kangs tag 307730"}],"status":"available"},{"id":982985,"category":{"id":1,"name":"Dogs"},"name":"TestPet_XML","photoUrls":["https://example.com/photo1.jpg"],"tags":[{"id":1,"name":"test-tag"}],"status":"available"},{"id":941123,"category":{"id":941123,"name":"kangs name"},"name":"doggie","photoUrls":["kangs url"],"tags":[{"id":941123,"name":"kangs tag 941123"}],"status":"available"},{"id":313432,"category":{"id":11,"name":"kangs name"},"name":"doggie","photoUrls":["kangs url"],"tags":[{"id":11,"name":"kangs tag 11"}],"status":"available"},{"id":325768,"category":{"id":1,"name":"Dogs"},"name":"TestPet_XML","photoUrls":["https://example.com/photo1.jpg"],"tags":[{"id":1,"name":"test-tag"}],"status":"available"},{"id":63963,"category":{"id":63963,"name":"kangs name"},"name":"doggie","photoUrls":["kangs url"],"tags":[{"id":63963,"name":"kangs tag 63963"}],"status":"available"},{"id":232190,"category":{"id":232190,"name":"kangs name"},"name":"doggie","photoUrls":["kangs url"],"tags":[{"id":232190,"name":"kangs tag 232190"}],"status":"available"},{"id":227993,"category":{"id":227993,"name":"kangs name"},"name":"doggie","photoUrls":["kangs url"],"tags":[{"id":227993,"name":"kangs tag 227993"}],"status":"available"},{"id":356953,"category":{"id":356953,"name":"kangs name"},"name":"doggie","photoUrls":["kangs url"],"tags":[{"id":356953,"name":"kangs tag 356953"}],"status":"available"},{"id":886815,"category":{"id":886815,"name":"kangs name"},"name":"doggie","photoUrls":["kangs url"],"tags":[{"id":886815,"name":"kangs tag 886815"}],"status":"available"},{"id":233938,"category":{"id":1,"name":"Dogs"},"name":"TestPet_XML","photoUrls":["https://example.com/photo1.jpg"],"tags":[{"id":1,"name":"test-tag"}],"status":"available"},{"id":56853,"category":{"id":56853,"name":"kangs name"},"name":"doggie","photoUrls":["kangs url"],"tags":[{"id":56853,"name":"kangs tag 56853"}],"status":"available"},{"id":666500,"category":{"id":666500,"name":"kangs name"},"name":"doggie","photoUrls":["kangs url"],"tags":[{"id":666500,"name":"kangs tag 666500"}],"status":"available"},{"id":289768,"category":{"id":289768,"name":"kangs name"},"name":"doggie","photoUrls":["kangs url"],"tags":[{"id":289768,"name":"kangs tag 289768"}],"status":"available"},{"id":914395,"category":{"id":914395,"name":"kangs name"},"name":"doggie","photoUrls":["kangs url"],"tags":[{"id":914395,"name":"kangs tag 914395"}],"status":"available"},{"id":908060,"category":{"id":908060,"name":"kangs name"},"name":"doggie","photoUrls":["kangs url"],"tags":[{"id":908060,"name":"kangs tag 908060"}],"status":"available"},{"id":494052,"category":{"id":494052,"name":"kangs name"},"name":"doggie","photoUrls":["kangs url"],"tags":[{"id":494052,"name":"kangs tag 494052"}],"status":"available"},{"id":504868,"category":{"id":1,"name":"Dogs"},"name":"TestPet_XML","photoUrls":["https://example.com/photo1.jpg"],"tags":[{"id":1,"name":"test-tag"}],"status":"available"},{"id":131604,"category":{"id":131604,"name":"kangs name"},"name":"doggie","photoUrls":["kangs url"],"tags":[{"id":131604,"name":"kangs tag 131604"}],"status":"available"},{"id":437853,"category":{"id":437853,"name":"kangs name"},"name":"doggie","photoUrls":["kangs url"],"tags":[{"id":437853,"name":"kangs tag 437853"}],"status":"available"},{"id":966084,"category":{"id":1,"name":"Dogs"},"name":"TestPet_XML","photoUrls":["https://example.com/photo1.jpg"],"tags":[{"id":1,"name":"test-tag"}],"status":"available"},{"id":568870,"category":{"id":568870,"name":"kangs name"},"name":"doggie","photoUrls":["kangs url"],"tags":[{"id":568870,"name":"kangs tag 568870"}],"status":"available"},{"id":986732,"category":{"id":1,"name":"Dogs"},"name":"TestPet_XML","photoUrls":["https://example.com/photo1.jpg"],"tags":[{"id":1,"name":"test-tag"}],"status":"available"},{"id":742621,"category":{"id":742621,"name":"kangs name"},"name":"doggie","photoUrls":["kangs url"],"tags":[{"id":742621,"name":"kangs tag 742621"}],"status":"available"},{"id":95859,"category":{"id":95859,"name":"kangs name"},"name":"doggie","photoUrls":["kangs url"],"tags":[{"id":95859,"name":"kangs tag 95859"}],"status":"available"},{"id":382185,"category":{"id":382185,"name":"kangs name"},"name":"doggie","photoUrls":["kangs url"],"tags":[{"id":382185,"name":"kangs tag 382185"}],"status":"available"},{"id":312889,"category":{"id":312889,"name":"kangs name"},"name":"doggie","photoUrls":["kangs url"],"tags":[{"id":312889,"name":"kangs tag 312889"}],"status":"available"},{"id":247395,"category":{"id":1,"name":"Dogs"},"name":"TestPet_XML","photoUrls":["https://example.com/photo1.jpg"],"tags":[{"id":1,"name":"test-tag"}],"status":"available"},{"id":415693,"category":{"id":415693,"name":"kangs name"},"name":"doggie","photoUrls":["kangs url"],"tags":[{"id":415693,"name":"kangs tag 415693"}],"status":"available"},{"id":87740,"category":{"id":87740,"name":"kangs name"},"name":"doggie","photoUrls":["kangs url"],"tags":[{"id":87740,"name":"kangs tag 87740"}],"status":"available"},{"id":966876,"category":{"id":966876,"name":"kangs name"},"name":"doggie","photoUrls":["kangs url"],"tags":[{"id":966876,"name":"kangs tag 966876"}],"status":"available"},{"id":534974,"category":{"id":534974,"name":"kangs name"},"name":"doggie","photoUrls":["kangs url"],"tags":[{"id":534974,"name":"kangs tag 534974"}],"status":"available"},{"id":508734,"category":{"id":1,"name":"Dogs"},"name":"TestPet_XML","photoUrls":["https://example.com/photo1.jpg"],"tags":[{"id":1,"name":"test-tag"}],"status":"available"},{"id":583244,"category":{"id":583244,"name":"kangs name"},"name":"doggie","photoUrls":["kangs url"],"tags":[{"id":583244,"name":"kangs tag 583244"}],"status":"available"},{"id":860672,"category":{"id":1,"name":"Dogs"},"name":"TestPet_XML","photoUrls":["https://example.com/photo1.jpg"],"tags":[{"id":1,"name":"test-tag"}],"status":"available"},{"id":142211,"category":{"id":142211,"name":"kangs name"},"name":"doggie","photoUrls":["kangs url"],"tags":[{"id":142211,"name":"kangs tag 142211"}],"status":"available"},{"id":969976,"category":{"id":1,"name":"Dogs"},"name":"TestPet_XML","photoUrls":["https://example.com/photo1.jpg"],"tags":[{"id":1,"name":"test-tag"}],"status":"available"},{"id":721239,"category":{"id":721239,"name":"kangs name"},"name":"doggie","photoUrls":["kangs url"],"tags":[{"id":721239,"name":"kangs tag 721239"}],"status":"available"},{"id":186326,"category":{"id":186326,"name":"kangs name"},"name":"doggie","photoUrls":["kangs url"],"tags":[{"id":186326,"name":"kangs tag 186326"}],"status":"available"},{"id":84936,"category":{"id":84936,"name":"kangs name"},"name":"doggie","photoUrls":["kangs url"],"tags":[{"id":84936,"name":"kangs tag 84936"}],"status":"available"},{"id":671241,"category":{"id":671241,"name":"kangs name"},"name":"doggie","photoUrls":["kangs url"],"tags":[{"id":671241,"name":"kangs tag 671241"}],"status":"available"},{"id":330023,"category":{"id":1,"name":"Dogs"},"name":"TestPet_XML","photoUrls":["https://example.com/photo1.jpg"],"tags":[{"id":1,"name":"test-tag"}],"status":"available"},{"id":990457,"category":{"id":1,"name":"Dogs"},"name":"TestPet_XML","photoUrls":["https://example.com/photo1.jpg"],"tags":[{"id":1,"name":"test-tag"}],"status":"available"},{"id":324597,"category":{"id":324597,"name":"kangs name"},"name":"doggie","photoUrls":["kangs url"],"tags":[{"id":324597,"name":"kangs tag 324597"}],"status":"available"},{"id":661937,"category":{"id":661937,"name":"kangs name"},"name":"doggie","photoUrls":["kangs url"],"tags":[{"id":661937,"name":"kangs tag 661937"}],"status":"available"},{"id":569486,"category":{"id":569486,"name":"kangs name"},"name":"doggie","photoUrls":["kangs url"],"tags":[{"id":569486,"name":"kangs tag 569486"}],"status":"available"},{"id":685660,"category":{"id":685660,"name":"kangs name"},"name":"doggie","photoUrls":["kangs url"],"tags":[{"id":685660,"name":"kangs tag 685660"}],"status":"available"},{"id":512623,"category":{"id":1,"name":"Dogs"},"name":"TestPet_XML","photoUrls":["https://example.com/photo1.jpg"],"tags":[{"id":1,"name":"test-tag"}],"status":"available"},{"id":261193,"category":{"id":261193,"name":"kangs name"},"name":"doggie","photoUrls":["kangs url"],"tags":[{"id":261193,"name":"kangs tag 261193"}],"status":"available"},{"id":850272,"category":{"id":850272,"name":"kangs name"},"name":"doggie","photoUrls":["kangs url"],"tags":[{"id":850272,"name":"kangs tag 850272"}],"status":"available"},{"id":589859,"category":{"id":589859,"name":"kangs name"},"name":"doggie","photoUrls":["kangs url"],"tags":[{"id":589859,"name":"kangs tag 589859"}],"status":"available"},{"id":859137,"category":{"id":859137,"name":"kangs name"},"name":"doggie","photoUrls":["kangs url"],"tags":[{"id":859137,"name":"kangs tag 859137"}],"status":"available"},{"id":656897,"category":{"id":656897,"name":"kangs name"},"name":"doggie","photoUrls":["kangs url"],"tags":[{"id":656897,"name":"kangs tag 656897"}],"status":"available"},{"id":670050,"category":{"id":670050,"name":"kangs name"},"name":"doggie","photoUrls":["kangs url"],"tags":[{"id":670050,"name":"kangs tag 670050"}],"status":"available"},{"id":983499,"category":{"id":983499,"name":"kangs name"},"name":"doggie","photoUrls":["kangs url"],"tags":[{"id":983499,"name":"kangs tag 983499"}],"status":"available"},{"id":879528,"category":{"id":879528,"name":"kangs name"},"name":"doggie","photoUrls":["kangs url"],"tags":[{"id":879528,"name":"kangs tag 879528"}],"status":"available"},{"id":326707,"category":{"id":326707,"name":"kangs name"},"name":"doggie","photoUrls":["kangs url"],"tags":[{"id":326707,"name":"kangs tag 326707"}],"status":"available"},{"id":179312,"category":{"id":179312,"name":"kangs name"},"name":"doggie","photoUrls":["kangs url"],"tags":[{"id":179312,"name":"kangs tag 179312"}],"status":"available"},{"id":947530,"category":{"id":947530,"name":"kangs name"},"name":"doggie","photoUrls":["kangs url"],"tags":[{"id":947530,"name":"kangs tag 947530"}],"status":"available"},{"id":161137,"category":{"id":161137,"name":"kangs name"},"name":"doggie","photoUrls":["kangs url"],"tags":[{"id":161137,"name":"kangs tag 161137"}],"status":"available"},{"id":973819,"category":{"id":1,"name":"Dogs"},"name":"TestPet_XML","photoUrls":["https://example.com/photo1.jpg"],"tags":[{"id":1,"name":"test-tag"}],"status":"available"},{"id":334377,"category":{"id":1,"name":"Dogs"},"name":"TestPet_XML","photoUrls":["https://example.com/photo1.jpg"],"tags":[{"id":1,"name":"test-tag"}],"status":"available"},{"id":874244,"category":{"id":1,"name":"Dogs"},"name":"TestPet_XML","photoUrls":["https://example.com/photo1.jpg"],"tags":[{"id":1,"name":"test-tag"}],"status":"available"},{"id":216199,"category":{"id":216199,"name":"kangs name"},"name":"doggie","photoUrls":["kangs url"],"tags":[{"id":216199,"name":"kangs tag 216199"}],"status":"available"},{"id":495086,"category":{"id":495086,"name":"kangs name"},"name":"doggie","photoUrls":["kangs url"],"tags":[{"id":495086,"name":"kangs tag 495086"}],"status":"available"},{"id":447875,"category":{"id":447875,"name":"kangs name"},"name":"doggie","photoUrls":["kangs url"],"tags":[{"id":447875,"name":"kangs tag 447875"}],"status":"available"},{"id":187721,"category":{"id":187721,"name":"kangs name"},"name":"doggie","photoUrls":["kangs url"],"tags":[{"id":187721,"name":"kangs tag 187721"}],"status":"available"},{"id":557628,"category":{"id":557628,"name":"kangs name"},"name":"doggie","photoUrls":["kangs url"],"tags":[{"id":557628,"name":"kangs tag 557628"}],"status":"available"},{"id":660470,"category":{"id":660470,"name":"kangs name"},"name":"doggie","photoUrls":["kangs url"],"tags":[{"id":660470,"name":"kangs tag 660470"}],"status":"available"},{"id":994856,"category":{"id":994856,"name":"kangs name"},"name":"doggie","photoUrls":["kangs url"],"tags":[{"id":994856,"name":"kangs tag 994856"}],"status":"available"},{"id":880789,"category":{"id":880789,"name":"kangs name"},"name":"doggie","photoUrls":["kangs url"],"tags":[{"id":880789,"name":"kangs tag 880789"}],"status":"available"},{"id":159652,"category":{"id":159652,"name":"kangs name"},"name":"doggie","photoUrls":["kangs url"],"tags":[{"id":159652,"name":"kangs tag 159652"}],"status":"available"},{"id":326798,"category":{"id":11,"name":"kangs name"},"name":"doggie","photoUrls":["kangs url"],"tags":[{"id":11,"name":"kangs tag 11"}],"status":"available"},{"id":523664,"category":{"id":523664,"name":"kangs name"},"name":"doggie","photoUrls":["kangs url"],"tags":[{"id":523664,"name":"kangs tag 523664"}],"status":"available"},{"id":321620,"category":{"id":1,"name":"Dogs"},"name":"TestPet_XML","photoUrls":["https://example.com/photo1.jpg"],"tags":[{"id":1,"name":"test-tag"}],"status":"available"},{"id":907798,"category":{"id":907798,"name":"kangs name"},"name":"doggie","photoUrls":["kangs url"],"tags":[{"id":907798,"name":"kangs tag 907798"}],"status":"available"},{"id":216924,"category":{"id":216924,"name":"kangs name"},"name":"doggie","photoUrls":["kangs url"],"tags":[{"id":216924,"name":"kangs tag 216924"}],"status":"available"},{"id":603223,"category":{"id":603223,"name":"kangs name"},"name":"doggie","photoUrls":["kangs url"],"tags":[{"id":603223,"name":"kangs tag 603223"}],"status":"available"},{"id":516667,"category":{"id":1,"name":"Dogs"},"name":"TestPet_XML","photoUrls":["https://example.com/photo1.jpg"],"tags":[{"id":1,"name":"test-tag"}],"status":"available"},{"id":821779,"category":{"id":821779,"name":"kangs name"},"name":"doggie","photoUrls":["kangs url"],"tags":[{"id":821779,"name":"kangs tag 821779"}],"status":"available"},{"id":572358,"category":{"id":572358,"name":"kangs name"},"name":"doggie","photoUrls":["kangs url"],"tags":[{"id":572358,"name":"kangs tag 572358"}],"status":"available"},{"id":255596,"category":{"id":1,"name":"Dogs"},"name":"TestPet_XML","photoUrls":["https://example.com/photo1.jpg"],"tags":[{"id":1,"name":"test-tag"}],"status":"available"},{"id":796281,"category":{"id":796281,"name":"kangs name"},"name":"doggie","photoUrls":["kangs url"],"tags":[{"id":796281,"name":"kangs tag 796281"}],"status":"available"},{"id":56112,"category":{"id":56112,"name":"kangs name"},"name":"doggie","photoUrls":["kangs url"],"tags":[{"id":56112,"name":"kangs tag 56112"}],"status":"available"},{"id":34529,"category":{"id":34529,"name":"kangs name"},"name":"doggie","photoUrls":["kangs url"],"tags":[{"id":34529,"name":"kangs tag 34529"}],"status":"available"},{"id":462713,"category":{"id":462713,"name":"kangs name"},"name":"doggie","photoUrls":["kangs url"],"tags":[{"id":462713,"name":"kangs tag 462713"}],"status":"available"},{"id":776034,"category":{"id":776034,"name":"kangs name"},"name":"doggie","photoUrls":["kangs url"],"tags":[{"id":776034,"name":"kangs tag 776034"}],"status":"available"},{"id":26042,"category":{"id":26042,"name":"kangs name"},"name":"doggie","photoUrls":["kangs url"],"tags":[{"id":26042,"name":"kangs tag 26042"}],"status":"available"},{"id":90562,"category":{"id":90562,"name":"kangs name"},"name":"doggie","photoUrls":["kangs url"],"tags":[{"id":90562,"name":"kangs tag 90562"}],"status":"available"},{"id":286693,"category":{"id":286693,"name":"kangs name"},"name":"doggie","photoUrls":["kangs url"],"tags":[{"id":286693,"name":"kangs tag 286693"}],"status":"available"},{"id":29342,"category":{"id":29342,"name":"kangs name"},"name":"doggie","photoUrls":["kangs url"],"tags":[{"id":29342,"name":"kangs tag 29342"}],"status":"available"},{"id":295748,"category":{"id":295748,"name":"kangs name"},"name":"doggie","photoUrls":["kangs url"],"tags":[{"id":295748,"name":"kangs tag 295748"}],"status":"available"},{"id":894509,"category":{"id":894509,"name":"kangs name"},"name":"doggie","photoUrls":["kangs url"],"tags":[{"id":894509,"name":"kangs tag 894509"}],"status":"available"},{"id":665633,"category":{"id":665633,"name":"kangs name"},"name":"doggie","photoUrls":["kangs url"],"tags":[{"id":665633,"name":"kangs tag 665633"}],"status":"available"},{"id":783744,"category":{"id":783744,"name":"kangs name"},"name":"doggie","photoUrls":["kangs url"],"tags":[{"id":783744,"name":"kangs tag 783744"}],"status":"available"},{"id":755752,"category":{"id":755752,"name":"kangs name"},"name":"doggie","photoUrls":["kangs url"],"tags":[{"id":755752,"name":"kangs tag 755752"}],"status":"available"},{"id":877901,"category":{"id":1,"name":"Dogs"},"name":"TestPet_XML","photoUrls":["https://example.com/photo1.jpg"],"tags":[{"id":1,"name":"test-tag"}],"status":"available"},{"id":977770,"category":{"id":1,"name":"Dogs"},"name":"TestPet_XML","photoUrls":["https://example.com/photo1.jpg"],"tags":[{"id":1,"name":"test-tag"}],"status":"available"},{"id":63362,"category":{"id":63362,"name":"kangs name"},"name":"doggie","photoUrls":["kangs url"],"tags":[{"id":63362,"name":"kangs tag 63362"}],"status":"available"},{"id":999136,"category":{"id":1,"name":"Dogs"},"name":"TestPet_XML","photoUrls":["https://example.com/photo1.jpg"],"tags":[{"id":1,"name":"test-tag"}],"status":"available"},{"id":120246,"category":{"id":120246,"name":"kangs name"},"name":"doggie","photoUrls":["kangs url"],"tags":[{"id":120246,"name":"kangs tag 120246"}],"status":"available"},{"id":787606,"category":{"id":787606,"name":"kangs name"},"name":"doggie","photoUrls":["kangs url"],"tags":[{"id":787606,"name":"kangs tag 787606"}],"status":"available"},{"id":611953,"category":{"id":611953,"name":"kangs name"},"name":"doggie","photoUrls":["kangs url"],"tags":[{"id":611953,"name":"kangs tag 611953"}],"status":"available"},{"id":219156,"category":{"id":219156,"name":"kangs name"},"name":"doggie","photoUrls":["kangs url"],"tags":[{"id":219156,"name":"kangs tag 219156"}],"status":"available"},{"id":685470,"category":{"id":685470,"name":"kangs name"},"name":"doggie","photoUrls":["kangs url"],"tags":[{"id":685470,"name":"kangs tag 685470"}],"status":"available"},{"id":197420,"category":{"id":197420,"name":"kangs name"},"name":"doggie","photoUrls":["kangs url"],"tags":[{"id":197420,"name":"kangs tag 197420"}],"status":"available"},{"id":209228,"category":{"id":209228,"name":"kangs name"},"name":"doggie","photoUrls":["kangs url"],"tags":[{"id":209228,"name":"kangs tag 209228"}],"status":"available"},{"id":260146,"category":{"id":1,"name":"Dogs"},"name":"TestPet_XML","photoUrls":["https://example.com/photo1.jpg"],"tags":[{"id":1,"name":"test-tag"}],"status":"available"},{"id":520580,"category":{"id":1,"name":"Dogs"},"name":"TestPet_XML","photoUrls":["https://example.com/photo1.jpg"],"tags":[{"id":1,"name":"test-tag"}],"status":"available"},{"id":152804,"category":{"id":152804,"name":"kangs name"},"name":"doggie","photoUrls":["kangs url"],"tags":[{"id":152804,"name":"kangs tag 152804"}],"status":"available"},{"id":859150,"category":{"id":859150,"name":"kangs name"},"name":"doggie","photoUrls":["kangs url"],"tags":[{"id":859150,"name":"kangs tag 859150"}],"status":"available"},{"id":960719,"category":{"id":960719,"name":"kangs name"},"name":"doggie","photoUrls":["kangs url"],"tags":[{"id":960719,"name":"kangs tag 960719"}],"status":"available"},{"id":497410,"category":{"id":497410,"name":"kangs name"},"name":"doggie","photoUrls":["kangs url"],"tags":[{"id":497410,"name":"kangs tag 497410"}],"status":"available"},{"id":826639,"category":{"id":826639,"name":"kangs name"},"name":"doggie","photoUrls":["kangs url"],"tags":[{"id":826639,"name":"kangs tag 826639"}],"status":"available"},{"id":755644,"category":{"id":755644,"name":"kangs name"},"name":"doggie","photoUrls":["kangs url"],"tags":[{"id":755644,"name":"kangs tag 755644"}],"status":"available"},{"id":44182,"category":{"id":44182,"name":"kangs name"},"name":"doggie","photoUrls":["kangs url"],"tags":[{"id":44182,"name":"kangs tag 44182"}],"status":"available"},{"id":182069,"category":{"id":182069,"name":"kangs name"},"name":"doggie","photoUrls":["kangs url"],"tags":[{"id":182069,"name":"kangs tag 182069"}],"status":"available"},{"id":705985,"category":{"id":705985,"name":"kangs name"},"name":"doggie","photoUrls":["kangs url"],"tags":[{"id":705985,"name":"kangs tag 705985"}],"status":"available"},{"id":648538,"category":{"id":648538,"name":"kangs name"},"name":"doggie","photoUrls":["kangs url"],"tags":[{"id":648538,"name":"kangs tag 648538"}],"status":"available"},{"id":29298,"category":{"id":29298,"name":"kangs name"},"name":"doggie","photoUrls":["kangs url"],"tags":[{"id":29298,"name":"kangs tag 29298"}],"status":"available"},{"id":967775,"category":{"id":967775,"name":"kangs name"},"name":"doggie","photoUrls":["kangs url"],"tags":[{"id":967775,"name":"kangs tag 967775"}],"status":"available"},{"id":3173,"category":{"id":1,"name":"Dogs"},"name":"TestPet_XML","photoUrls":["https://example.com/photo1.jpg"],"tags":[{"id":1,"name":"test-tag"}],"status":"available"},{"id":882042,"category":{"id":1,"name":"Dogs"},"name":"TestPet_XML","photoUrls":["https://example.com/photo1.jpg"],"tags":[{"id":1,"name":"test-tag"}],"status":"available"},{"id":827616,"category":{"id":827616,"name":"kangs name"},"name":"doggie","photoUrls":["kangs url"],"tags":[{"id":827616,"name":"kangs tag 827616"}],"status":"available"},{"id":935466,"category":{"id":935466,"name":"kangs name"},"name":"doggie","photoUrls":["kangs url"],"tags":[{"id":935466,"name":"kangs tag 935466"}],"status":"available"},{"id":759213,"category":{"id":759213,"name":"kangs name"},"name":"doggie","photoUrls":["kangs url"],"tags":[{"id":759213,"name":"kangs tag 759213"}],"status":"available"},{"id":789556,"category":{"id":789556,"name":"kangs name"},"name":"doggie","photoUrls":["kangs url"],"tags":[{"id":789556,"name":"kangs tag 789556"}],"status":"available"},{"id":42083,"category":{"id":42083,"name":"kangs name"},"name":"doggie","photoUrls":["kangs url"],"tags":[{"id":42083,"name":"kangs tag 42083"}],"status":"available"},{"id":347368,"category":{"id":347368,"name":"kangs name"},"name":"doggie","photoUrls":["kangs url"],"tags":[{"id":347368,"name":"kangs tag 347368"}],"status":"available"},{"id":962622,"category":{"id":962622,"name":"kangs name"},"name":"doggie","photoUrls":["kangs url"],"tags":[{"id":962622,"name":"kangs tag 962622"}],"status":"available"},{"id":982158,"category":{"id":1,"name":"Dogs"},"name":"TestPet_XML","photoUrls":["https://example.com/photo1.jpg"],"tags":[{"id":1,"name":"test-tag"}],"status":"available"},{"id":274319,"category":{"id":274319,"name":"kangs name"},"name":"doggie","photoUrls":["kangs url"],"tags":[{"id":274319,"name":"kangs tag 274319"}],"status":"available"},{"id":235415,"category":{"id":235415,"name":"kangs name"},"name":"doggie","photoUrls":["kangs url"],"tags":[{"id":235415,"name":"kangs tag 235415"}],"status":"available"},{"id":264557,"category":{"id":1,"name":"Dogs"},"name":"TestPet_XML","photoUrls":["https://example.com/photo1.jpg"],"tags":[{"id":1,"name":"test-tag"}],"status":"available"},{"id":895553,"category":{"id":895553,"name":"kangs name"},"name":"doggie","photoUrls":["kangs url"],"tags":[{"id":895553,"name":"kangs tag 895553"}],"status":"available"},{"id":759650,"category":{"id":759650,"name":"kangs name"},"name":"doggie","photoUrls":["kangs url"],"tags":[{"id":759650,"name":"kangs tag 759650"}],"status":"available"},{"id":966363,"category":{"id":966363,"name":"kangs name"},"name":"doggie","photoUrls":["kangs url"],"tags":[{"id":966363,"name":"kangs tag 966363"}],"status":"available"},{"id":69573,"category":{"id":69573,"name":"kangs name"},"name":"doggie","photoUrls":["kangs url"],"tags":[{"id":69573,"name":"kangs tag 69573"}],"status":"available"},{"id":760581,"category":{"id":760581,"name":"kangs name"},"name":"doggie","photoUrls":["kangs url"],"tags":[{"id":760581,"name":"kangs tag 760581"}],"status":"available"},{"id":257152,"category":{"id":257152,"name":"kangs name"},"name":"doggie","photoUrls":["kangs url"],"tags":[{"id":257152,"name":"kangs tag 257152"}],"status":"available"},{"id":461403,"category":{"id":461403,"name":"kangs name"},"name":"doggie","photoUrls":["kangs url"],"tags":[{"id":461403,"name":"kangs tag 461403"}],"status":"available"},{"id":530532,"category":{"id":530532,"name":"kangs name"},"name":"doggie","photoUrls":["kangs url"],"tags":[{"id":530532,"name":"kangs tag 530532"}],"status":"available"},{"id":617156,"category":{"id":617156,"name":"kangs name"},"name":"doggie","photoUrls":["kangs url"],"tags":[{"id":617156,"name":"kangs tag 617156"}],"status":"available"},{"id":579861,"category":{"id":579861,"name":"kangs name"},"name":"doggie","photoUrls":["kangs url"],"tags":[{"id":579861,"name":"kangs tag 579861"}],"status":"available"},{"id":581785,"category":{"id":581785,"name":"kangs name"},"name":"doggie","photoUrls":["kangs url"],"tags":[{"id":581785,"name":"kangs tag 581785"}],"status":"available"},{"id":885853,"category":{"id":1,"name":"Dogs"},"name":"TestPet_XML","photoUrls":["https://example.com/photo1.jpg"],"tags":[{"id":1,"name":"test-tag"}],"status":"available"},{"id":986110,"category":{"id":1,"name":"Dogs"},"name":"TestPet_XML","photoUrls":["https://example.com/photo1.jpg"],"tags":[{"id":1,"name":"test-tag"}],"status":"available"},{"id":595642,"category":{"id":595642,"name":"kangs name"},"name":"doggie","photoUrls":["kangs url"],"tags":[{"id":595642,"name":"kangs tag 595642"}],"status":"available"},{"id":35626,"category":{"id":35626,"name":"kangs name"},"name":"doggie","photoUrls":["kangs url"],"tags":[{"id":35626,"name":"kangs tag 35626"}],"status":"available"},{"id":110393,"category":{"id":110393,"name":"kangs name"},"name":"doggie","photoUrls":["kangs url"],"tags":[{"id":110393,"name":"kangs tag 110393"}],"status":"available"},{"id":370224,"category":{"id":370224,"name":"kangs name"},"name":"doggie","photoUrls":["kangs url"],"tags":[{"id":370224,"name":"kangs tag 370224"}],"status":"available"},{"id":838510,"category":{"id":838510,"name":"kangs name"},"name":"doggie","photoUrls":["kangs url"],"tags":[{"id":838510,"name":"kangs tag 838510"}],"status":"available"},{"id":713065,"category":{"id":713065,"name":"kangs name"},"name":"doggie","photoUrls":["kangs url"],"tags":[{"id":713065,"name":"kangs tag 713065"}],"status":"available"},{"id":6945,"category":{"id":1,"name":"Dogs"},"name":"TestPet_XML","photoUrls":["https://example.com/photo1.jpg"],"tags":[{"id":1,"name":"test-tag"}],"status":"available"},{"id":452623,"category":{"id":452623,"name":"kangs name"},"name":"doggie","photoUrls":["kangs url"],"tags":[{"id":452623,"name":"kangs tag 452623"}],"status":"available"},{"id":97985,"category":{"id":97985,"name":"kangs name"},"name":"doggie","photoUrls":["kangs url"],"tags":[{"id":97985,"name":"kangs tag 97985"}],"status":"available"},{"id":268554,"category":{"id":1,"name":"Dogs"},"name":"TestPet_XML","photoUrls":["https://example.com/photo1.jpg"],"tags":[{"id":1,"name":"test-tag"}],"status":"available"},{"id":68373,"category":{"id":68373,"name":"kangs name"},"name":"doggie","photoUrls":["kangs url"],"tags":[{"id":68373,"name":"kangs tag 68373"}],"status":"available"},{"id":934097,"category":{"id":934097,"name":"kangs name"},"name":"doggie","photoUrls":["kangs url"],"tags":[{"id":934097,"name":"kangs tag 934097"}],"status":"available"},{"id":767552,"category":{"id":767552,"name":"kangs name"},"name":"doggie","photoUrls":["kangs url"],"tags":[{"id":767552,"name":"kangs tag 767552"}],"status":"available"},{"id":980639,"category":{"id":980639,"name":"kangs name"},"name":"doggie","photoUrls":["kangs url"],"tags":[{"id":980639,"name":"kangs tag 980639"}],"status":"available"},{"id":874514,"category":{"id":874514,"name":"kangs name"},"name":"doggie","photoUrls":["kangs url"],"tags":[{"id":874514,"name":"kangs tag 874514"}],"status":"available"},{"id":977986,"category":{"id":977986,"name":"kangs name"},"name":"doggie","photoUrls":["kangs url"],"tags":[{"id":977986,"name":"kangs tag 977986"}],"status":"available"},{"id":882859,"category":{"id":882859,"name":"kangs name"},"name":"doggie","photoUrls":["kangs url"],"tags":[{"id":882859,"name":"kangs tag 882859"}],"status":"available"},{"id":143930,"category":{"id":143930,"name":"kangs name"},"name":"doggie","photoUrls":["kangs url"],"tags":[{"id":143930,"name":"kangs tag 143930"}],"status":"available"},{"id":172513,"category":{"id":172513,"name":"kangs name"},"name":"doggie","photoUrls":["kangs url"],"tags":[{"id":172513,"name":"kangs tag 172513"}],"status":"available"},{"id":530995,"category":{"id":530995,"name":"kangs name"},"name":"doggie","photoUrls":["kangs url"],"tags":[{"id":530995,"name":"kangs tag 530995"}],"status":"available"},{"id":653467,"category":{"id":653467,"name":"kangs name"},"name":"doggie","photoUrls":["kangs url"],"tags":[{"id":653467,"name":"kangs tag 653467"}],"status":"available"},{"id":990073,"category":{"id":1,"name":"Dogs"},"name":"TestPet_XML","photoUrls":["https://example.com/photo1.jpg"],"tags":[{"id":1,"name":"test-tag"}],"status":"available"},{"id":369871,"category":{"id":369871,"name":"kangs name"},"name":"doggie","photoUrls":["kangs url"],"tags":[{"id":369871,"name":"kangs tag 369871"}],"status":"available"},{"id":13560,"category":{"id":13560,"name":"kangs name"},"name":"doggie","photoUrls":["kangs url"],"tags":[{"id":13560,"name":"kangs tag 13560"}],"status":"available"},{"id":549000,"category":{"id":549000,"name":"kangs name"},"name":"doggie","photoUrls":["kangs url"],"tags":[{"id":549000,"name":"kangs tag 549000"}],"status":"available"},{"id":502658,"category":{"id":502658,"name":"kangs name"},"name":"doggie","photoUrls":["kangs url"],"tags":[{"id":502658,"name":"kangs tag 502658"}],"status":"available"},{"id":875637,"category":{"id":875637,"name":"kangs name"},"name":"doggie","photoUrls":["kangs url"],"tags":[{"id":875637,"name":"kangs tag 875637"}],"status":"available"},{"id":153964,"category":{"id":153964,"name":"kangs name"},"name":"doggie","photoUrls":["kangs url"],"tags":[{"id":153964,"name":"kangs tag 153964"}],"status":"available"},{"id":889803,"category":{"id":1,"name":"Dogs"},"name":"TestPet_XML","photoUrls":["https://example.com/photo1.jpg"],"tags":[{"id":1,"name":"test-tag"}],"status":"available"},{"id":12977,"category":{"id":12977,"name":"kangs name"},"name":"doggie","photoUrls":["kangs url"],"tags":[{"id":12977,"name":"kangs tag 12977"}],"status":"available"},{"id":358981,"category":{"id":358981,"name":"kangs name"},"name":"doggie","photoUrls":["kangs url"],"tags":[{"id":358981,"name":"kangs tag 358981"}],"status":"available"},{"id":807925,"category":{"id":807925,"name":"kangs name"},"name":"doggie","photoUrls":["kangs url"],"tags":[{"id":807925,"name":"kangs tag 807925"}],"status":"available"},{"id":764625,"category":{"id":764625,"name":"kangs name"},"name":"doggie","photoUrls":["kangs url"],"tags":[{"id":764625,"name":"kangs tag 764625"}],"status":"available"},{"id":112233,"category":{"id":30,"name":"Eq-dog"},"name":"Postman","photoUrls":["URLLink"],"tags":[{"id":10,"name":"Doberman"}],"status":"available"},{"id":1012,"name":"R@ex#123!","photoUrls":[],"tags":[],"status":"available"},{"id":947595,"category":{"id":947595,"name":"kangs name"},"name":"doggie","photoUrls":["kangs url"],"tags":[{"id":947595,"name":"kangs tag 947595"}],"status":"available"},{"id":115798,"category":{"id":115798,"name":"kangs name"},"name":"doggie","photoUrls":["kangs url"],"tags":[{"id":115798,"name":"kangs tag 115798"}],"status":"available"},{"id":615847,"category":{"id":615847,"name":"kangs name"},"name":"doggie","photoUrls":["kangs url"],"tags":[{"id":615847,"name":"kangs tag 615847"}],"status":"available"},{"id":3792946217422703600,"category":{"id":235376610895120770,"name":"MamieSchultz"},"name":"kadwgz","photoUrls":["https://tasty-waist.com/"],"tags":[{"id":4488316655465661000,"name":"SidneySpencer"}],"status":"available"},{"id":2196978819304438300,"category":{"id":997467273717825300,"name":"AmandaKunze"},"name":"yldgaz","photoUrls":["https://rewarding-zoologist.com"],"tags":[{"id":3618438785682487300,"name":"JoshuaRempelV"}],"status":"available"},{"id":995442,"category":{"id":1,"name":"Dogs"},"name":"TestPet_XML","photoUrls":["https://example.com/photo1.jpg"],"tags":[{"id":1,"name":"test-tag"}],"status":"available"},{"id":1007,"photoUrls":[],"tags":[],"status":"available"},{"id":1008,"name":"","photoUrls":[],"tags":[],"status":"available"},{"id":1009,"photoUrls":[],"tags":[],"status":"available"},{"id":9999999999,"name":"Test","photoUrls":[],"tags":[],"status":"available"},{"id":1018,"name":"<script>alert('xss')</script>","photoUrls":[],"tags":[],"status":"available"},{"id":9999,"name":"WorkflowTestPet","photoUrls":["https://example.com/photo.jpg"],"tags":[],"status":"available"},{"id":8888,"name":"SaleTestPet","photoUrls":[],"tags":[],"status":"available"},{"id":7777,"name":"ImageTestPet","photoUrls":[],"tags":[],"status":"available"},{"id":309711,"category":{"id":309711,"name":"kangs name"},"name":"doggie","photoUrls":["kangs url"],"tags":[{"id":309711,"name":"kangs tag 309711"}],"status":"available"},{"id":793653,"category":{"id":793653,"name":"kangs name"},"name":"doggie","photoUrls":["kangs url"],"tags":[{"id":793653,"name":"kangs tag 793653"}],"status":"available"},{"id":126356,"category":{"id":126356,"name":"kangs name"},"name":"doggie","photoUrls":["kangs url"],"tags":[{"id":126356,"name":"kangs tag 126356"}],"status":"available"},{"id":2323076601661777000,"category":{"id":1409738748356350500,"name":"Mrs.MarleneSchinner"},"name":"oytuwh","photoUrls":["https://brown-decoration.net/"],"tags":[{"id":4898900900342343000,"name":"OliviaKemmer"}],"status":"available"},{"id":561625475014898560,"category":{"id":3874332248119159000,"name":"RoxanneSchinner"},"name":"dofwno","photoUrls":["https://awesome-trapezium.net/"],"tags":[{"id":3265128899959535600,"name":"CathySwaniawski"}],"status":"available"},{"id":191,"category":{"id":12,"name":"Julia_Cats"},"name":"Cat Potia","photoUrls":["https://avatars.dzeninfra.ru/get-zen_doc/8269145/pub_642709f6b88cac5939fc1360_6427f173e123fb581f124ba1/scale_1200"],"tags":[{"id":191,"name":"Cat Potia"}],"status":"available"},{"id":103,"name":"JMeterPet","photoUrls":[],"tags":[],"status":"available"},{"id":1245,"category":{"id":1245,"name":"xyz"},"name":"xyz","photoUrls":["test"],"tags":[],"status":"available"},{"id":841276,"category":{"id":841276,"name":"kangs name"},"name":"doggie","photoUrls":["kangs url"],"tags":[{"id":841276,"name":"kangs tag 841276"}],"status":"available"},{"id":906905,"category":{"id":906905,"name":"kangs name"},"name":"doggie","photoUrls":["kangs url"],"tags":[{"id":906905,"name":"kangs tag 906905"}],"status":"available"},{"id":2916217,"category":{"id":72709064,"name":"proident enim"},"name":"doggie","photoUrls":["ut laboris","exercitation incididunt sit"],"tags":[{"id":41489136,"name":"dolor dolore et"},{"id":48842304,"name":"ut mollit ex cupidatat consectetur"}],"status":"available"},{"id":9999999,"category":{"id":3,"name":"Baks"},"name":"doggie","photoUrls":[],"tags":[{"id":3,"name":"Baks"}],"status":"available"},{"id":102,"name":"JMeterPet","photoUrls":[],"tags":[],"status":"available"},{"id":9223372036854774915,"category":{"id":456,"name":"string"},"name":"Nemo fish","photoUrls":["https://www.google.com/url?sa=i&url=https%3A%2F%2Fwww.pond-planet.co.uk%2Fblog%2Ftropical-fish-for-beginners%2F&psig=AOvVaw3ncYgEL1idw9tzja96EVr8&ust=1729448236083000&source=images&cd=vfe&opi=89978449&ved=0CBMQjRxqFwoTCMDkzfCGm4kDFQAAAAAdAAAAABAE"],"tags":[{"id":0,"name":"fishes"}],"status":"available"},{"id":6270659383452362000,"category":{"id":2157564757265723600,"name":"SusanMorar"},"name":"dpsgcv","photoUrls":["https://smug-pigsty.biz"],"tags":[{"id":1979648368788929000,"name":"LenaUptonIII"}],"status":"available"},{"id":876378976667425300,"category":{"id":6164138283365104000,"name":"ClaraHettingerI"},"name":"doggie","photoUrls":["https://meaty-band.biz/"],"tags":[{"id":488100555908102340,"name":"DeloresRitchie"}],"status":"available"},{"id":80,"category":{"id":10,"name":"Рыба"},"name":"Дружок","photoUrls":["esse Ut elit","sint magna"],"tags":[{"id":-36555706,"name":"voluptate dolor nulla labore"},{"id":3842154,"name":"deserunt "}],"status":"available"},{"id":44403346,"category":{"id":-7356342,"name":"qui dolor"},"name":"doggie","photoUrls":["dolore mollit dolo","qui in laborum "],"tags":[{"id":29212366,"name":"ullamc"},{"id":68937462,"name":"et in sit"}],"status":"available"},{"id":2334563,"category":{"id":2,"name":"dog"},"name":"doggie-yoggie","photoUrls":[],"tags":[],"status":"available"},{"id":5786256,"category":{"id":-44713072,"name":"reprehenderit irure"},"name":"doggie","photoUrls":["ut nisi ea tempor","reprehenderit"],"tags":[{"id":-18411144,"name":"aliqua reprehenderit"},{"id":86685319,"name":"minim reprehenderit laboris c"}],"status":"available"},{"id":44037029,"category":{"id":55461079,"name":"Мурка"},"name":"Котичка","photoUrls":["consequat sint tempor","amet consequat labore"],"tags":[{"id":31524971,"name":"minim ut nostrud"},{"id":-48012393,"name":"dolor sunt"}],"status":"available"},{"id":60687598,"category":{"id":75968968,"name":"irure repr"},"name":"doggie","photoUrls":["cupidatat dolore tempor nostrud","do reprehende"],"tags":[{"id":-69000706,"name":"ut consectetur tempor amet"},{"id":27016153,"name":"consequat"}],"status":"available"},{"id":70586304,"category":{"id":22059979,"name":"fish"},"name":"nemo","photoUrls":["tempor laboris","https://klev26.ru/wp-content/uploads/b/d/4/bd40f13a82154aa08445aee40cf1186d.jpeg"],"tags":[{"id":-16259777,"name":"qui veniam fugia"},{"id":16047041,"name":"Duis ex ut"}],"status":"available"},{"id":70586304435,"category":{"id":22059979,"name":"fishs"},"name":"nemo fish","photoUrls":["tempor laboris","https://klev26.ru/wp-content/uploads/b/d/4/bd40f13a82154aa08445aee40cf1186d.jpeg"],"tags":[{"id":-16259777,"name":"qui veniam fugia"},{"id":16047041,"name":"Duis ex ut"}],"status":"available"},{"id":99672469,"category":{"id":-72804219,"name":"velit occaecat enim"},"name":"doggie","photoUrls":["reprehenderit culpa","sit labore consectetur i"],"tags":[{"id":89701623,"name":"aute"},{"id":-17583688,"name":"sed Duis Excepteur "}],"status":"available"},{"id":879789789790381,"category":{"id":0,"name":"string"},"name":"Snoopdoggie","photoUrls":["string"],"tags":[{"id":0,"name":"string"}],"status":"available"},{"id":89012937,"category":{"id":-27522541,"name":"voluptate laborum elit ex"},"name":"doggie","photoUrls":["anim in occaecat dolore Excepteur","ut minim dolor pariatur"],"tags":[{"id":-59197242,"name":"sint Excepteur in"},{"id":-11301750,"name":"pariatur"}],"status":"available"},{"id":92233720169000944,"category":{"id":0,"name":"fish"},"name":"Neikmo fish","photoUrls":["https://i.natgeofe.com/k/b6b9720a-1b63-4d14-849e-03dd415cd806/pufferfish-closeup_16x9.jpg?w=1200"],"tags":[{"id":0,"name":"string"}],"status":"available"},{"id":6089,"category":{"id":6089,"name":"nemo 1"},"name":"fishs","photoUrls":["https://w.forfun.com/fetch/ec/ec21683f58319755608a051e2a73c659.jpeg"],"tags":[{"id":0,"name":"string"}],"status":"available"},{"id":474747,"category":{"id":0,"name":"string"},"name":"shadman","photoUrls":["string"],"tags":[{"id":0,"name":"string"}],"status":"available"},{"id":12121,"category":{"id":0,"name":"string"},"name":"TestPetName","photoUrls":["string"],"tags":[{"id":0,"name":"string"}],"status":"available"},{"id":8,"category":{"id":3,"name":"Pete"},"name":"Doge","photoUrls":["string"],"tags":[{"id":6,"name":"Cate"}],"status":"available"},{"id":2921171,"category":{"id":1,"name":"Animale Dolofane"},"name":"Panda","photoUrls":["/test"],"tags":[{"id":0,"name":"string"}],"status":"available"},{"id":15476522,"category":{"id":85459667,"name":"minim cupidatat sunt nisi veniam"},"name":"doggie","photoUrls":["aliqua","consectetur esse"],"tags":[{"id":-18585804,"name":"quis Ut"},{"id":3151360,"name":"quis ut deserunt dolor"}],"status":"available"},{"id":42185241,"category":{"id":-36607462,"name":"occaecat minim"},"name":"doggie","photoUrls":["Duis ea dolor anim","Lorem quis deserunt occaecat"],"tags":[{"id":-22418181,"name":"ipsum sit ad"},{"id":47214278,"name":"Lorem nulla"}],"status":"available"},{"id":25253093,"category":{"id":-8712087,"name":"incididunt ullamco Lorem pariatur"},"name":"doggie","photoUrls":["in nulla","consequat officia aliqua sint"],"tags":[{"id":1776061,"name":"pariatur Excepteur"},{"id":-16418227,"name":"cupidatat eu est veniam"}],"status":"available"},{"id":74784015,"category":{"id":-66411488,"name":"velit"},"name":"doggie","photoUrls":["Ut","culpa consectetur aliqua adipisicing"],"tags":[{"id":17942317,"name":"consectetur laboris pariatur proid"},{"id":62813114,"name":"sint"}],"status":"available"},{"id":14142084,"category":{"id":-86643235,"name":"in anim"},"name":"doggie","photoUrls":["Duis aute nostrud","irure nisi cupida"],"tags":[{"id":-74211391,"name":"esse qui elit"},{"id":-7539062,"name":"exercitation aliqua labore cupidatat"}],"status":"available"},{"id":90786519,"category":{"id":99414709,"name":"ut velit veniam"},"name":"doggie","photoUrls":["magna quis","ut sit cillum commodo"],"tags":[{"id":-22825790,"name":"Excepteur veniam"},{"id":57872918,"name":"magna et"}],"status":"available"},{"id":16857494,"category":{"id":22812970,"name":"Lorem"},"name":"doggie","photoUrls":["consectetur officia commodo","mollit non"],"tags":[{"id":-72572843,"name":"deserunt quis dolore aliquip eu"},{"id":-8902430,"name":"voluptate aliqua"}],"status":"available"},{"id":9879,"category":{"id":900,"name":"dogs"},"name":"Pushok","photoUrls":["string"],"tags":[{"id":0,"name":"string"}],"status":"available"},{"id":9898989899,"category":{"id":0,"name":"cat"},"name":"marko","photoUrls":["undefined"],"tags":[{"id":0,"name":"new"}],"status":"available"},{"id":989898989945421,"category":{"id":9898989899,"name":"cat one's"},"name":"marko one love","photoUrls":["null"],"tags":[{"id":0,"name":"cat"}],"status":"available"},{"id":19764410,"category":{"id":-5476781,"name":"quis sit aute anim"},"name":"doggie","photoUrls":["commodo elit irure","quis consequat deserunt eu eiusmod"],"tags":[{"id":24327777,"name":"nostrud sed"},{"id":-89952348,"name":"sunt aliquip"}],"status":"available"},{"id":72638067,"category":{"id":61967468,"name":"Duis eiusmod non voluptat"},"name":"doggie","photoUrls":["deserunt Duis qui","dolor in voluptate"],"tags":[{"id":-36386852,"name":"e"},{"id":77359864,"name":"velit"}],"status":"available"},{"id":44287874,"category":{"id":56142504,"name":"proident in culpa"},"name":"doggie","photoUrls":["deserunt nisi occaecat adipisicing elit","volup"],"tags":[{"id":75841058,"name":"enim elit labore aute"},{"id":81012343,"name":"ullamco eiusmod aute pariatur"}],"status":"available"},{"id":50002,"category":{"id":0,"name":"string"},"name":"doggie","photoUrls":["string"],"tags":[{"id":0,"name":"string"}],"status":"available"},{"id":16192485,"category":{"id":62291983,"name":"consectetur nostrud"},"name":"doggie","photoUrls":["ipsum incididunt in","magna ullamco et"],"tags":[{"id":25068722,"name":"velit dolore labore"},{"id":75633110,"name":"tempor sunt quis et officia"}],"status":"available"},{"id":85964529,"category":{"id":-85148330,"name":"eiusmod occaecat minim anim"},"name":"doggie","photoUrls":["sed eu nulla","sed magna mollit"],"tags":[{"id":-19521509,"name":"adipisicing in"},{"id":-44277506,"name":"mollit aliquip sed in"}],"status":"available"},{"id":815,"category":{"id":0,"name":"Labrador"},"name":"Joan","photoUrls":["string"],"tags":[{"id":815,"name":"Cute-lab"}],"status":"available"},{"id":222,"category":{"id":201,"name":"Dogs"},"name":"Jack","photoUrls":["string"],"tags":[{"id":0,"name":"string"}],"status":"available"},{"id":20,"category":{"id":1,"name":"dog_category"},"name":"dogname1","photoUrls":["string"],"tags":[{"id":1,"name":"dogname1"}],"status":"available"},{"id":166,"category":{"id":0,"name":"Justine_Hickle"},"name":"catty","photoUrls":["string"],"tags":[{"id":0,"name":"string"}],"status":"available"},{"id":2900270,"category":{"id":-54796499,"name":"deserunt occaecat proid"},"name":"doggie","photoUrls":["aliqua ipsum dolor ex mollit","eiusmod"],"tags":[{"id":-46754783,"name":"adipisicing deserunt sint"},{"id":83307683,"name":"laborum"}],"status":"available"},{"id":5270697,"category":{"id":86672200,"name":"sunt nulla quis"},"name":"doggie","photoUrls":["ut voluptate amet nulla","aliquip velit sunt"],"tags":[{"id":13740046,"name":"dolore in aliquip in"},{"id":-88982321,"name":"sint incididunt"}],"status":"available"},{"id":29311189,"category":{"id":55752576,"name":"est do"},"name":"doggie","photoUrls":["eu","qui do"],"tags":[{"id":79015766,"name":"est veniam sint et"},{"id":18397334,"name":"ut occaecat"}],"status":"available"},{"id":99443176,"category":{"id":70265227,"name":"cons"},"name":"doggie","photoUrls":["amet deserunt anim","volup"],"tags":[{"id":4652912,"name":"nostr"},{"id":-63785388,"name":"deserunt esse ullamco commodo"}],"status":"available"},{"id":112,"category":{"id":2,"name":"Tommy"},"name":"doggie","photoUrls":["string"],"tags":[{"id":0,"name":"Jacky"}],"status":"available"},{"id":112121212121,"category":{"id":2,"name":"Tommy12"},"name":"doggie1","photoUrls":["string"],"tags":[{"id":0,"name":"Jack1y"}],"status":"available"},{"id":24670195,"category":{"id":95348937,"name":"amet elit"},"name":"doggie","photoUrls":["laborum occaecat amet velit","consectetur officia c"],"tags":[{"id":90598410,"name":"Ut laboris"},{"id":-94876850,"name":"irure occaecat Lorem sit anim"}],"status":"available"},{"id":70,"category":{"id":0,"name":"string"},"name":"Genry","photoUrls":["string"],"tags":[{"id":69,"name":"string"}],"status":"available"},{"id":928572090947953000,"category":{"id":313402835281013400,"name":"DomingoHirthe"},"name":"DDKV","photoUrls":["https://cooperative-proximity.info"],"tags":[{"id":2912364577189643000,"name":"BrianMonahan-Hahn"}],"status":"available"},{"id":4855122818649713000,"category":{"id":64038241308209240,"name":"ShirleyWalsh"},"name":"uYpF","photoUrls":["https://jaunty-salt.org"],"tags":[{"id":43367897018894040,"name":"LanceWilderman"}],"status":"available"},{"id":997294342057650000,"category":{"id":6453244481974138000,"name":"AngelMayer"},"name":"cAah","photoUrls":["https://luminous-level.com"],"tags":[{"id":5520585974727672000,"name":"Mr.JohnnieSanford"}],"status":"available"},{"id":3190800461313270000,"category":{"id":1302464776922822100,"name":"FrederickJohnson"},"name":"TegI","photoUrls":["https://basic-maelstrom.biz"],"tags":[{"id":1151294104163515000,"name":"DennisWilderman"}],"status":"available"},{"id":55,"category":{"id":55,"name":"123"},"name":"123","photoUrls":["string"],"tags":[{"id":55,"name":"123"}],"status":"available"},{"id":9404,"category":{"id":10,"name":"string"},"name":"doggie","photoUrls":["string","string"],"tags":[{"id":4548,"name":"string"},{"id":1135,"name":"string"}],"status":"available"},{"id":4555734662042274300,"category":{"id":3685717081845239300,"name":"MildredRodriguez"},"name":"jAls","photoUrls":["https://self-reliant-ping.info"],"tags":[{"id":2751087958019822000,"name":"JeremiahMohr"}],"status":"available"},{"id":2578432174763962000,"category":{"id":918301216378993300,"name":"TiffanyBauch"},"name":"TosM","photoUrls":["https://pretty-establishment.biz"],"tags":[{"id":1467635671113339600,"name":"TrevorLebsack"}],"status":"available"},{"id":7620526794700908000,"category":{"id":5387760560734538000,"name":"LeviStoltenberg-Nicolas"},"name":"UwUk","photoUrls":["https://limp-sweatsuit.info"],"tags":[{"id":531629496462140740,"name":"ErvinOkunevaIII"}],"status":"available"},{"id":2829435824592811500,"category":{"id":1741008776145766000,"name":"RodneyJerde"},"name":"GNdG","photoUrls":["https://hoarse-current.net"],"tags":[{"id":6145186912428485000,"name":"LoriKoss"}],"status":"available"},{"id":585071229,"category":{"id":-29245128,"name":"incididunt"},"name":"executing_from_test","photoUrls":["dolore Excepteur est","consequat in labore"],"tags":[{"id":-55902183,"name":"Lorem laboris nulla"},{"id":67424482,"name":"incididunt ipsum eiusmod"}],"status":"available"},{"id":3716644262751951400,"category":{"id":3525049465298054000,"name":"LucyO'Hara"},"name":"eqmgfj","photoUrls":["https://meek-attraction.net"],"tags":[{"id":2243054745704704300,"name":"RuthMarquardt"}],"status":"available"},{"id":52029822930253210,"category":{"id":389388339582231800,"name":"SylvesterRoberts"},"name":"doggie","photoUrls":["https://mammoth-warrior.net/"],"tags":[{"id":2469769650554602000,"name":"LydiaWillms"}],"status":"available"},{"id":125,"category":{"id":225,"name":"Gambia"},"name":"Amos","photoUrls":["https://example.com/{{$uuid}}.jpg"],"tags":[{"id":129,"name":"Borders"}],"status":"available"},{"id":9223372016900011620,"category":{"id":-6564867,"name":"Rabit"},"name":"Flaffy","photoUrls":[],"tags":[{"id":2285843,"name":"Brown milk colour"},{"id":-48126337,"name":"small"}],"status":"available"},{"id":2809,"category":{"id":0,"name":"kuş"},"name":"kırık","photoUrls":["string"],"tags":[{"id":5,"name":"hızlı"},{"id":1,"name":"çok renkli"}],"status":"available"},{"id":600,"category":{"id":0,"name":"string"},"name":"Rocky","photoUrls":["string"],"tags":[{"id":0,"name":"string"}],"status":"available"},{"id":606006,"category":{"id":0,"name":"enes"},"name":"ist","photoUrls":["string"],"tags":[{"id":0,"name":"wasd"},{"id":1,"name":"dsaw"}],"status":"available"},{"id":99999,"category":{"id":0,"name":"string"},"name":"doggie","photoUrls":["string"],"tags":[{"id":0,"name":"string"}],"status":"available"},{"id":123456789,"category":{"id":1,"name":"Dogs"},"name":"Rex","photoUrls":["https://example.com/photo1"],"tags":[{"id":1,"name":"cute"}],"status":"available"},{"id":55555,"name":"GetByIdTestPet","photoUrls":[],"tags":[],"status":"available"},{"id":12345,"category":{"id":1,"name":"Dogs"},"name":"AutomationTestDog","photoUrls":["https://example.com/dog.jpg"],"tags":[{"id":1,"name":"test"}],"status":"available"},{"id":66666,"category":{"id":1,"name":"Dogs"},"name":"ValidationTestPet","photoUrls":["https://example.com/photo.jpg"],"tags":[{"id":1,"name":"test-tag"}],"status":"available"},{"id":123,"category":{"id":0,"name":"string"},"name":"Davin91","photoUrls":["string"],"tags":[{"id":0,"name":"string"}],"status":"available"},{"id":56465,"category":{"id":1,"name":"Tata"},"name":"Pug","photoUrls":["tt"],"tags":[{"id":1,"name":"teste"}],"status":"available"},{"id":878787,"category":{"id":0,"name":"APIcat"},"name":"APIkittie","photoUrls":["string"],"tags":[{"id":0,"name":"string"}],"status":"available"},{"id":6743,"category":{"id":3737,"name":"string"},"name":"doggie","photoUrls":["string","string"],"tags":[{"id":5471,"name":"string"},{"id":2111,"name":"string"}],"status":"available"},{"id":55817,"category":{"id":0,"name":"dummy"},"name":"petDynamicData-1767323486876","photoUrls":["dummy"],"tags":[{"id":0,"name":"dummy"}],"status":"available"},{"id":223654,"name":"Lucky","photoUrls":[],"tags":[],"status":"available"},{"id":720007,"name":"ThisIsALongNameOverOneHundredCharactersToTestTheDatabaseLimitOfThisApiEndpointToSeeIfItCrashes","photoUrls":[],"tags":[],"status":"available"},{"id":98975,"category":{"id":0,"name":"dummy"},"name":"petDynamicData-1767325106518","photoUrls":["dummy"],"tags":[{"id":0,"name":"dummy"}],"status":"available"},{"id":98429,"name":"Muskan","photoUrls":[],"tags":[],"status":"available"},{"id":58039,"name":"Muskan","photoUrls":[],"tags":[],"status":"available"},{"id":4141,"name":"Muskan","photoUrls":[],"tags":[],"status":"available"},{"id":88052,"name":"Muskan","photoUrls":[],"tags":[],"status":"available"},{"id":70647,"name":"Muskan","photoUrls":[],"tags":[],"status":"available"},{"id":4685,"name":"Muskan","photoUrls":[],"tags":[],"status":"available"},{"id":33237,"category":{"id":1,"name":"dog"},"name":"Harshita","photoUrls":["https://example.com/photo.jpg"],"tags":[{"id":1,"name":"cute"}],"status":"available"},{"id":104,"name":"JMeterPet","photoUrls":[],"tags":[],"status":"available"},{"id":105,"name":"JMeterPet","photoUrls":[],"tags":[],"status":"available"},{"id":611,"category":{"id":0,"name":"zurafaa"},"name":"zurafaa","photoUrls":["string"],"tags":[{"id":0,"name":"string"}],"status":"available"},{"id":64529,"name":"Muskan","photoUrls":[],"tags":[],"status":"available"},{"id":79052,"name":"Muskan","photoUrls":[],"tags":[],"status":"available"},{"id":57132,"name":"Muskan","photoUrls":[],"tags":[],"status":"available"},{"id":35578,"name":"Muskan","photoUrls":[],"tags":[],"status":"available"},{"id":33,"category":{"id":3,"name":"doggiepic2"},"name":"doggie","photoUrls":["string"],"tags":[{"id":0,"name":"string"}],"status":"available"},{"id":13875,"name":"Muskan","photoUrls":[],"tags":[],"status":"available"},{"id":44706,"name":"Muskan","photoUrls":[],"tags":[],"status":"available"},{"id":47773,"name":"Muskan","photoUrls":[],"tags":[],"status":"available"},{"id":91431,"name":"Muskan","photoUrls":[],"tags":[],"status":"available"},{"id":65847,"category":{"id":1,"name":"dog"},"name":"Harshita","photoUrls":["https://example.com/photo.jpg"],"tags":[{"id":1,"name":"cute"}],"status":"available"},{"id":23460,"name":"Muskan","photoUrls":[],"tags":[],"status":"available"},{"id":44361,"name":"Muskan","photoUrls":[],"tags":[],"status":"available"},{"id":97096,"name":"Muskan","photoUrls":[],"tags":[],"status":"available"},{"id":13639,"name":"Muskan","photoUrls":[],"tags":[],"status":"available"},{"id":536405,"category":{"id":536405,"name":"kangs name"},"name":"doggie","photoUrls":["kangs url"],"tags":[{"id":536405,"name":"kangs tag 536405"}],"status":"available"},{"id":851887,"category":{"id":851887,"name":"kangs name"},"name":"doggie","photoUrls":["kangs url"],"tags":[{"id":851887,"name":"kangs tag 851887"}],"status":"available"},{"id":38895,"category":{"id":38895,"name":"kangs name"},"name":"doggie","photoUrls":["kangs url"],"tags":[{"id":38895,"name":"kangs tag 38895"}],"status":"available"},{"id":10750,"category":{"id":1,"name":"Dogs"},"name":"TestPet_XML","photoUrls":["https://example.com/photo1.jpg"],"tags":[{"id":1,"name":"test-tag"}],"status":"available"},{"id":613641,"category":{"id":613641,"name":"kangs name"},"name":"doggie","photoUrls":["kangs url"],"tags":[{"id":613641,"name":"kangs tag 613641"}],"status":"available"},{"id":549747,"category":{"id":549747,"name":"kangs name"},"name":"doggie","photoUrls":["kangs url"],"tags":[{"id":549747,"name":"kangs tag 549747"}],"status":"available"},{"id":188590,"category":{"id":188590,"name":"kangs name"},"name":"doggie","photoUrls":["kangs url"],"tags":[{"id":188590,"name":"kangs tag 188590"}],"status":"available"},{"id":770157,"category":{"id":770157,"name":"kangs name"},"name":"doggie","photoUrls":["kangs url"],"tags":[{"id":770157,"name":"kangs tag 770157"}],"status":"available"},{"id":271287,"category":{"id":271287,"name":"kangs name"},"name":"doggie","photoUrls":["kangs url"],"tags":[{"id":271287,"name":"kangs tag 271287"}],"status":"available"},{"id":348919,"category":{"id":348919,"name":"kangs name"},"name":"doggie","photoUrls":["kangs url"],"tags":[{"id":348919,"name":"kangs tag 348919"}],"status":"available"},{"id":779147,"category":{"id":779147,"name":"kangs name"},"name":"doggie","photoUrls":["kangs url"],"tags":[{"id":779147,"name":"kangs tag 779147"}],"status":"available"},{"id":993922,"category":{"id":1,"name":"Dogs"},"name":"TestPet_XML","photoUrls":["https://example.com/photo1.jpg"],"tags":[{"id":1,"name":"test-tag"}],"status":"available"},{"id":14668,"category":{"id":1,"name":"Dogs"},"name":"TestPet_XML","photoUrls":["https://example.com/photo1.jpg"],"tags":[{"id":1,"name":"test-tag"}],"status":"available"},{"id":988518,"category":{"id":988518,"name":"kangs name"},"name":"doggie","photoUrls":["kangs url"],"tags":[{"id":988518,"name":"kangs tag 988518"}],"status":"available"},{"id":463594,"category":{"id":463594,"name":"kangs name"},"name":"doggie","photoUrls":["kangs url"],"tags":[{"id":463594,"name":"kangs tag 463594"}],"status":"available"},{"id":344500,"category":{"id":344500,"name":"kangs name"},"name":"doggie","photoUrls":["kangs url"],"tags":[{"id":344500,"name":"kangs tag 344500"}],"status":"available"},{"id":627510,"category":{"id":627510,"name":"kangs name"},"name":"doggie","photoUrls":["kangs url"],"tags":[{"id":627510,"name":"kangs tag 627510"}],"status":"available"},{"id":299086,"category":{"id":299086,"name":"kangs name"},"name":"doggie","photoUrls":["kangs url"],"tags":[{"id":299086,"name":"kangs tag 299086"}],"status":"available"},{"id":32819,"category":{"id":32819,"name":"kangs name"},"name":"doggie","photoUrls":["kangs url"],"tags":[{"id":32819,"name":"kangs tag 32819"}],"status":"available"},{"id":32730,"category":{"id":32730,"name":"kangs name"},"name":"doggie","photoUrls":["kangs url"],"tags":[{"id":32730,"name":"kangs tag 32730"}],"status":"available"},{"id":383434,"category":{"id":383434,"name":"kangs name"},"name":"doggie","photoUrls":["kangs url"],"tags":[{"id":383434,"name":"kangs tag 383434"}],"status":"available"},{"id":198516,"category":{"id":198516,"name":"kangs name"},"name":"doggie","photoUrls":["kangs url"],"tags":[{"id":198516,"name":"kangs tag 198516"}],"status":"available"},{"id":366227,"category":{"id":366227,"name":"kangs name"},"name":"doggie","photoUrls":["kangs url"],"tags":[{"id":366227,"name":"kangs tag 366227"}],"status":"available"},{"id":26406,"category":{"id":26406,"name":"kangs name"},"name":"doggie","photoUrls":["kangs url"],"tags":[{"id":26406,"name":"kangs tag 26406"}],"status":"available"},{"id":666265,"category":{"id":666265,"name":"kangs name"},"name":"doggie","photoUrls":["kangs url"],"tags":[{"id":666265,"name":"kangs tag 666265"}],"status":"available"},{"id":740407,"category":{"id":740407,"name":"kangs name"},"name":"doggie","photoUrls":["kangs url"],"tags":[{"id":740407,"name":"kangs tag 740407"}],"status":"available"},{"id":280335,"category":{"id":1,"name":"Dogs"},"name":"TestPet_XML","photoUrls":["https://example.com/photo1.jpg"],"tags":[{"id":1,"name":"test-tag"}],"status":"available"},{"id":602746,"category":{"id":1,"name":"Dogs"},"name":"TestPet_XML","photoUrls":["https://example.com/photo1.jpg"],"tags":[{"id":1,"name":"test-tag"}],"status":"available"},{"id":901207,"category":{"id":1,"name":"Dogs"},"name":"TestPet_XML","photoUrls":["https://example.com/photo1.jpg"],"tags":[{"id":1,"name":"test-tag"}],"status":"available"},{"id":686420,"category":{"id":686420,"name":"kangs name"},"name":"doggie","photoUrls":["kangs url"],"tags":[{"id":686420,"name":"kangs tag 686420"}],"status":"available"},{"id":167706,"category":{"id":167706,"name":"kangs name"},"name":"doggie","photoUrls":["kangs url"],"tags":[{"id":167706,"name":"kangs tag 167706"}],"status":"available"},{"id":591516,"category":{"id":591516,"name":"kangs name"},"name":"doggie","photoUrls":["kangs url"],"tags":[{"id":591516,"name":"kangs tag 591516"}],"status":"available"},{"id":9222968140497180179,"category":{"id":0,"name":"string"},"name":"test","photoUrls":["string"],"tags":[{"id":0,"name":"string"}],"status":"available"},{"id":325651,"category":{"id":325651,"name":"kangs name"},"name":"doggie","photoUrls":["kangs url"],"tags":[{"id":325651,"name":"kangs tag 325651"}],"status":"available"},{"id":939691,"category":{"id":939691,"name":"kangs name"},"name":"doggie","photoUrls":["kangs url"],"tags":[{"id":939691,"name":"kangs tag 939691"}],"status":"available"},{"id":891729,"category":{"id":891729,"name":"kangs name"},"name":"doggie","photoUrls":["kangs url"],"tags":[{"id":891729,"name":"kangs tag 891729"}],"status":"available"},{"id":917312,"category":{"id":917312,"name":"kangs name"},"name":"doggie","photoUrls":["kangs url"],"tags":[{"id":917312,"name":"kangs tag 917312"}],"status":"available"},{"id":61269,"category":{"id":61269,"name":"kangs name"},"name":"doggie","photoUrls":["kangs url"],"tags":[{"id":61269,"name":"kangs tag 61269"}],"status":"available"},{"id":916172,"category":{"id":916172,"name":"kangs name"},"name":"doggie","photoUrls":["kangs url"],"tags":[{"id":916172,"name":"kangs tag 916172"}],"status":"available"},{"id":605394,"category":{"id":1,"name":"Dogs"},"name":"TestPet_XML","photoUrls":["https://example.com/photo1.jpg"],"tags":[{"id":1,"name":"test-tag"}],"status":"available"},{"id":943258,"category":{"id":943258,"name":"kangs name"},"name":"doggie","photoUrls":["kangs url"],"tags":[{"id":943258,"name":"kangs tag 943258"}],"status":"available"},{"id":475481,"category":{"id":1,"name":"Dogs"},"name":"TestPet_XML","photoUrls":["https://example.com/photo1.jpg"],"tags":[{"id":1,"name":"test-tag"}],"status":"available"},{"id":286612,"category":{"id":286612,"name":"kangs name"},"name":"doggie","photoUrls":["kangs url"],"tags":[{"id":286612,"name":"kangs tag 286612"}],"status":"available"},{"id":228510,"category":{"id":228510,"name":"kangs name"},"name":"doggie","photoUrls":["kangs url"],"tags":[{"id":228510,"name":"kangs tag 228510"}],"status":"available"},{"id":606697,"category":{"id":1,"name":"Dogs"},"name":"TestPet_XML","photoUrls":["https://example.com/photo1.jpg"],"tags":[{"id":1,"name":"test-tag"}],"status":"available"},{"id":661130,"category":{"id":661130,"name":"kangs name"},"name":"doggie","photoUrls":["kangs url"],"tags":[{"id":661130,"name":"kangs tag 661130"}],"status":"available"},{"id":437582,"category":{"id":437582,"name":"kangs name"},"name":"doggie","photoUrls":["kangs url"],"tags":[{"id":437582,"name":"kangs tag 437582"}],"status":"available"},{"id":415551,"category":{"id":415551,"name":"kangs name"},"name":"doggie","photoUrls":["kangs url"],"tags":[{"id":415551,"name":"kangs tag 415551"}],"status":"available"},{"id":73330,"category":{"id":73330,"name":"kangs name"},"name":"doggie","photoUrls":["kangs url"],"tags":[{"id":73330,"name":"kangs tag 73330"}],"status":"available"},{"id":252210,"category":{"id":252210,"name":"kangs name"},"name":"doggie","photoUrls":["kangs url"],"tags":[{"id":252210,"name":"kangs tag 252210"}],"status":"available"},{"id":890010,"category":{"id":890010,"name":"kangs name"},"name":"doggie","photoUrls":["kangs url"],"tags":[{"id":890010,"name":"kangs tag 890010"}],"status":"available"},{"id":954830,"category":{"id":954830,"name":"kangs name"},"name":"doggie","photoUrls":["kangs url"],"tags":[{"id":954830,"name":"kangs tag 954830"}],"status":"available"},{"id":168714,"category":{"id":168714,"name":"kangs name"},"name":"doggie","photoUrls":["kangs url"],"tags":[{"id":168714,"name":"kangs tag 168714"}],"status":"available"},{"id":511656,"category":{"id":511656,"name":"kangs name"},"name":"doggie","photoUrls":["kangs url"],"tags":[{"id":511656,"name":"kangs tag 511656"}],"status":"available"},{"id":111612,"category":{"id":111612,"name":"kangs name"},"name":"doggie","photoUrls":["kangs url"],"tags":[{"id":111612,"name":"kangs tag 111612"}],"status":"available"},{"id":510363,"category":{"id":510363,"name":"kangs name"},"name":"doggie","photoUrls":["kangs url"],"tags":[{"id":510363,"name":"kangs tag 510363"}],"status":"available"},{"id":820257,"category":{"id":820257,"name":"kangs name"},"name":"doggie","photoUrls":["kangs url"],"tags":[{"id":820257,"name":"kangs tag 820257"}],"status":"available"},{"id":710226,"category":{"id":710226,"name":"kangs name"},"name":"doggie","photoUrls":["kangs url"],"tags":[{"id":710226,"name":"kangs tag 710226"}],"status":"available"},{"id":556444,"category":{"id":556444,"name":"kangs name"},"name":"doggie","photoUrls":["kangs url"],"tags":[{"id":556444,"name":"kangs tag 556444"}],"status":"available"},{"id":182666,"category":{"id":182666,"name":"kangs name"},"name":"doggie","photoUrls":["kangs url"],"tags":[{"id":182666,"name":"kangs tag 182666"}],"status":"available"},{"id":185374,"category":{"id":185374,"name":"kangs name"},"name":"doggie","photoUrls":["kangs url"],"tags":[{"id":185374,"name":"kangs tag 185374"}],"status":"available"},{"id":381219,"category":{"id":381219,"name":"kangs name"},"name":"doggie","photoUrls":["kangs url"],"tags":[{"id":381219,"name":"kangs tag 381219"}],"status":"available"},{"id":818763,"category":{"id":818763,"name":"kangs name"},"name":"doggie","photoUrls":["kangs url"],"tags":[{"id":818763,"name":"kangs tag 818763"}],"status":"available"},{"id":169765,"category":{"id":169765,"name":"kangs name"},"name":"doggie","photoUrls":["kangs url"],"tags":[{"id":169765,"name":"kangs tag 169765"}],"status":"available"},{"id":23459,"category":{"id":23459,"name":"kangs name"},"name":"doggie","photoUrls":["kangs url"],"tags":[{"id":23459,"name":"kangs tag 23459"}],"status":"available"},{"id":665738,"category":{"id":1,"name":"Dogs"},"name":"TestPet_XML","photoUrls":["https://example.com/photo1.jpg"],"tags":[{"id":1,"name":"test-tag"}],"status":"available"},{"id":662657,"category":{"id":1,"name":"Dogs"},"name":"TestPet_XML","photoUrls":["https://example.com/photo1.jpg"],"tags":[{"id":1,"name":"test-tag"}],"status":"available"},{"id":665408,"category":{"id":1,"name":"Dogs"},"name":"TestPet_XML","photoUrls":["https://example.com/photo1.jpg"],"tags":[{"id":1,"name":"test-tag"}],"status":"available"},{"id":666585,"category":{"id":1,"name":"Dogs"},"name":"TestPet_XML","photoUrls":["https://example.com/photo1.jpg"],"tags":[{"id":1,"name":"test-tag"}],"status":"available"},{"id":666040,"category":{"id":1,"name":"Dogs"},"name":"TestPet_XML","photoUrls":["https://example.com/photo1.jpg"],"tags":[{"id":1,"name":"test-tag"}],"status":"available"},{"id":666321,"category":{"id":1,"name":"Dogs"},"name":"TestPet_XML","photoUrls":["https://example.com/photo1.jpg"],"tags":[{"id":1,"name":"test-tag"}],"status":"available"},{"id":309624,"category":{"id":1,"name":"Dogs"},"name":"TestPet_XML","photoUrls":["https://example.com/photo1.jpg"],"tags":[{"id":1,"name":"test-tag"}],"status":"available"},{"id":743614,"category":{"id":1,"name":"Dogs"},"name":"TestPet_XML","p
[...]
s tag 489385"}],"status":"available"},{"id":512904,"category":{"id":512904,"name":"kangs name"},"name":"doggie","photoUrls":["kangs url"],"tags":[{"id":512904,"name":"kangs tag 512904"}],"status":"available"},{"id":441693,"category":{"id":441693,"name":"kangs name"},"name":"doggie","photoUrls":["kangs url"],"tags":[{"id":441693,"name":"kangs tag 441693"}],"status":"available"},{"id":271529,"category":{"id":1,"name":"Dogs"},"name":"TestDog_1767334471529","photoUrls":["https://example.com/photos/test-dog.jpg"],"tags":[{"id":1,"name":"test"},{"id":2,"name":"automated"}],"status":"available"},{"id":839823,"category":{"id":839823,"name":"kangs name"},"name":"doggie","photoUrls":["kangs url"],"tags":[{"id":839823,"name":"kangs tag 839823"}],"status":"available"},{"id":53566,"category":{"id":0,"name":"dummy"},"name":"petDynamicData-1767334530379","photoUrls":["dummy"],"tags":[{"id":0,"name":"dummy"}],"status":"available"},{"id":753178,"category":{"id":753178,"name":"kangs name"},"name":"doggie","photoUrls":["kangs url"],"tags":[{"id":753178,"name":"kangs tag 753178"}],"status":"available"},{"id":27200,"category":{"id":0,"name":"dummy"},"name":"petDynamicData-1767334645484","photoUrls":["dummy"],"tags":[{"id":0,"name":"dummy"}],"status":"available"},{"id":91198,"category":{"id":0,"name":"dummy"},"name":"petDynamicData-1767334748843","photoUrls":["dummy"],"tags":[{"id":0,"name":"dummy"}],"status":"available"},{"id":220693,"category":{"id":1,"name":"Dogs"},"name":"TestDog_1767334820693","photoUrls":["https://example.com/photos/test-dog.jpg"],"tags":[{"id":1,"name":"test"},{"id":2,"name":"automated"}],"status":"available"},{"id":221326,"name":"Valid Pet Name","photoUrls":["https://example.com/photo.jpg"],"tags":[],"status":"available"},{"id":167,"category":{"id":2,"name":"cat"},"name":"purplefieldstester167","photoUrls":["http://purplefieldstestimage1","http://purplefieldstestimage2"],"tags":[{"id":1,"name":"naughty"},{"id":2,"name":"nice"}],"status":"available"},{"id":90321,"category":{"id":0,"name":"dummy"},"name":"petDynamicData-1767334876057","photoUrls":["dummy"],"tags":[{"id":0,"name":"dummy"}],"status":"available"},{"id":893479,"category":{"id":1,"name":"Dogs"},"name":"TestPet_XML","photoUrls":["https://example.com/photo1.jpg"],"tags":[{"id":1,"name":"test-tag"}],"status":"available"},{"id":806535,"category":{"id":806535,"name":"kangs name"},"name":"doggie","photoUrls":["kangs url"],"tags":[{"id":806535,"name":"kangs tag 806535"}],"status":"available"},{"id":647098,"category":{"id":647098,"name":"kangs name"},"name":"doggie","photoUrls":["kangs url"],"tags":[{"id":647098,"name":"kangs tag 647098"}],"status":"available"},{"id":466133,"category":{"id":466133,"name":"kangs name"},"name":"doggie","photoUrls":["kangs url"],"tags":[{"id":466133,"name":"kangs tag 466133"}],"status":"available"},{"id":651290,"category":{"id":651290,"name":"kangs name"},"name":"doggie","photoUrls":["kangs url"],"tags":[{"id":651290,"name":"kangs tag 651290"}],"status":"available"},{"id":793291,"category":{"id":793291,"name":"kangs name"},"name":"doggie","photoUrls":["kangs url"],"tags":[{"id":793291,"name":"kangs tag 793291"}],"status":"available"},{"id":269686,"category":{"id":269686,"name":"kangs name"},"name":"doggie","photoUrls":["kangs url"],"tags":[{"id":269686,"name":"kangs tag 269686"}],"status":"available"},{"id":757702,"category":{"id":757702,"name":"kangs name"},"name":"doggie","photoUrls":["kangs url"],"tags":[{"id":757702,"name":"kangs tag 757702"}],"status":"available"},{"id":276430,"category":{"id":1,"name":"Dogs"},"name":"TestPet_XML","photoUrls":["https://example.com/photo1.jpg"],"tags":[{"id":1,"name":"test-tag"}],"status":"available"},{"id":855866,"category":{"id":855866,"name":"kangs name"},"name":"doggie","photoUrls":["kangs url"],"tags":[{"id":855866,"name":"kangs tag 855866"}],"status":"available"},{"id":904204,"category":{"id":904204,"name":"kangs name"},"name":"doggie","photoUrls":["kangs url"],"tags":[{"id":904204,"name":"kangs tag 904204"}],"status":"available"},{"id":288133,"category":{"id":1,"name":"Dogs"},"name":"TestPet_XML","photoUrls":["https://example.com/photo1.jpg"],"tags":[{"id":1,"name":"test-tag"}],"status":"available"},{"id":124567,"category":{"id":0,"name":"string"},"name":"doggie","photoUrls":["string"],"tags":[{"id":0,"name":"string"}],"status":"available"},{"id":869070,"category":{"id":869070,"name":"kangs name"},"name":"doggie","photoUrls":["kangs url"],"tags":[{"id":869070,"name":"kangs tag 869070"}],"status":"available"},{"id":897049,"category":{"id":1,"name":"Dogs"},"name":"TestPet_XML","photoUrls":["https://example.com/photo1.jpg"],"tags":[{"id":1,"name":"test-tag"}],"status":"available"},{"id":825979,"category":{"id":825979,"name":"kangs name"},"name":"doggie","photoUrls":["kangs url"],"tags":[{"id":825979,"name":"kangs tag 825979"}],"status":"available"},{"id":72998,"category":{"id":72998,"name":"kangs name"},"name":"doggie","photoUrls":["kangs url"],"tags":[{"id":72998,"name":"kangs tag 72998"}],"status":"available"},{"id":997968,"category":{"id":1,"name":"Dogs"},"name":"TestPet_XML","photoUrls":["https://example.com/photo1.jpg"],"tags":[{"id":1,"name":"test-tag"}],"status":"available"},{"id":595026,"category":{"id":1,"name":"Dogs"},"name":"TestPet_XML","photoUrls":["https://example.com/photo1.jpg"],"tags":[{"id":1,"name":"test-tag"}],"status":"available"},{"id":276167,"category":{"id":1,"name":"Dogs"},"name":"TestDog_1767334976167","photoUrls":["https://example.com/photos/test-dog.jpg"],"tags":[{"id":1,"name":"test"},{"id":2,"name":"automated"}],"status":"available"},{"id":276703,"name":"Valid Pet Name","photoUrls":["https://example.com/photo.jpg"],"tags":[],"status":"available"},{"id":949444,"category":{"id":949444,"name":"kangs name"},"name":"doggie","photoUrls":["kangs url"],"tags":[{"id":949444,"name":"kangs tag 949444"}],"status":"available"},{"id":305316,"category":{"id":305316,"name":"kangs name"},"name":"doggie","photoUrls":["kangs url"],"tags":[{"id":305316,"name":"kangs tag 305316"}],"status":"available"},{"id":214282,"category":{"id":214282,"name":"kangs name"},"name":"doggie","photoUrls":["kangs url"],"tags":[{"id":214282,"name":"kangs tag 214282"}],"status":"available"},{"id":213113,"category":{"id":213113,"name":"kangs name"},"name":"doggie","photoUrls":["kangs url"],"tags":[{"id":213113,"name":"kangs tag 213113"}],"status":"available"},{"id":755684,"category":{"id":755684,"name":"kangs name"},"name":"doggie","photoUrls":["kangs url"],"tags":[{"id":755684,"name":"kangs tag 755684"}],"status":"available"},{"id":808285,"category":{"id":808285,"name":"kangs name"},"name":"doggie","photoUrls":["kangs url"],"tags":[{"id":808285,"name":"kangs tag 808285"}],"status":"available"},{"id":222378,"category":{"id":1,"name":"Dogs"},"name":"TestDog_1767335022378","photoUrls":["https://example.com/photos/test-dog.jpg"],"tags":[{"id":1,"name":"test"},{"id":2,"name":"automated"}],"status":"available"},{"id":222887,"name":"Valid Pet Name","photoUrls":["https://example.com/photo.jpg"],"tags":[],"status":"available"},{"id":654321,"category":{"id":0,"name":"string"},"name":"doggie","photoUrls":["string"],"tags":[{"id":0,"name":"string"}],"status":"available"},{"id":850746,"category":{"id":850746,"name":"kangs name"},"name":"doggie","photoUrls":["kangs url"],"tags":[{"id":850746,"name":"kangs tag 850746"}],"status":"available"},{"id":644319,"category":{"id":644319,"name":"kangs name"},"name":"doggie","photoUrls":["kangs url"],"tags":[{"id":644319,"name":"kangs tag 644319"}],"status":"available"},{"id":253100,"category":{"id":253100,"name":"kangs name"},"name":"doggie","photoUrls":["kangs url"],"tags":[{"id":253100,"name":"kangs tag 253100"}],"status":"available"},{"id":788234,"category":{"id":788234,"name":"kangs name"},"name":"doggie","photoUrls":["kangs url"],"tags":[{"id":788234,"name":"kangs tag 788234"}],"status":"available"},{"id":222922,"category":{"id":1,"name":"Dogs"},"name":"TestDog_1767335122922","photoUrls":["https://example.com/photos/test-dog.jpg"],"tags":[{"id":1,"name":"test"},{"id":2,"name":"automated"}],"status":"available"},{"id":223517,"name":"Valid Pet Name","photoUrls":["https://example.com/photo.jpg"],"tags":[],"status":"available"},{"id":204758,"category":{"id":1,"name":"Dogs"},"name":"TestDog_1767335204759","photoUrls":["https://example.com/photos/test-dog.jpg"],"tags":[{"id":1,"name":"test"},{"id":2,"name":"automated"}],"status":"available"},{"id":205316,"name":"Valid Pet Name","photoUrls":["https://example.com/photo.jpg"],"tags":[],"status":"available"},{"id":441464,"category":{"id":441464,"name":"kangs name"},"name":"doggie","photoUrls":["kangs url"],"tags":[{"id":441464,"name":"kangs tag 441464"}],"status":"available"},{"id":991202,"category":{"id":991202,"name":"kangs name"},"name":"doggie","photoUrls":["kangs url"],"tags":[{"id":991202,"name":"kangs tag 991202"}],"status":"available"},{"id":708682,"category":{"id":708682,"name":"kangs name"},"name":"doggie","photoUrls":["kangs url"],"tags":[{"id":708682,"name":"kangs tag 708682"}],"status":"available"},{"id":27809,"category":{"id":27809,"name":"kangs name"},"name":"doggie","photoUrls":["kangs url"],"tags":[{"id":27809,"name":"kangs tag 27809"}],"status":"available"},{"id":225144,"category":{"id":225144,"name":"kangs name"},"name":"doggie","photoUrls":["kangs url"],"tags":[{"id":225144,"name":"kangs tag 225144"}],"status":"available"},{"id":447725,"category":{"id":447725,"name":"kangs name"},"name":"doggie","photoUrls":["kangs url"],"tags":[{"id":447725,"name":"kangs tag 447725"}],"status":"available"},{"id":916873,"category":{"id":916873,"name":"kangs name"},"name":"doggie","photoUrls":["kangs url"],"tags":[{"id":916873,"name":"kangs tag 916873"}],"status":"available"},{"id":561172,"category":{"id":561172,"name":"kangs name"},"name":"doggie","photoUrls":["kangs url"],"tags":[{"id":561172,"name":"kangs tag 561172"}],"status":"available"},{"id":287350,"category":{"id":1,"name":"Dogs"},"name":"TestDog_1767335387350","photoUrls":["https://example.com/photos/test-dog.jpg"],"tags":[{"id":1,"name":"test"},{"id":2,"name":"automated"}],"status":"available"},{"id":287949,"name":"Valid Pet Name","photoUrls":["https://example.com/photo.jpg"],"tags":[],"status":"available"},{"id":294099,"category":{"id":1,"name":"Dogs"},"name":"TestDog_1767335394100","photoUrls":["https://example.com/photos/test-dog.jpg"],"tags":[{"id":1,"name":"test"},{"id":2,"name":"automated"}],"status":"available"},{"id":294632,"name":"Valid Pet Name","photoUrls":["https://example.com/photo.jpg"],"tags":[],"status":"available"},{"id":871199,"category":{"id":11,"name":"kangs name"},"name":"doggie","photoUrls":["kangs url"],"tags":[{"id":11,"name":"kangs tag 11"}],"status":"available"},{"id":172761,"category":{"id":172761,"name":"kangs name"},"name":"doggie","photoUrls":["kangs url"],"tags":[{"id":172761,"name":"kangs tag 172761"}],"status":"available"},{"id":786930,"category":{"id":786930,"name":"kangs name"},"name":"doggie","photoUrls":["kangs url"],"tags":[{"id":786930,"name":"kangs tag 786930"}],"status":"available"},{"id":523331,"category":{"id":523331,"name":"kangs name"},"name":"doggie","photoUrls":["kangs url"],"tags":[{"id":523331,"name":"kangs tag 523331"}],"status":"available"},{"id":586676,"category":{"id":586676,"name":"kangs name"},"name":"doggie","photoUrls":["kangs url"],"tags":[{"id":586676,"name":"kangs tag 586676"}],"status":"available"},{"id":678309,"category":{"id":678309,"name":"kangs name"},"name":"doggie","photoUrls":["kangs url"],"tags":[{"id":678309,"name":"kangs tag 678309"}],"status":"available"},{"id":606247,"category":{"id":606247,"name":"kangs name"},"name":"doggie","photoUrls":["kangs url"],"tags":[{"id":606247,"name":"kangs tag 606247"}],"status":"available"},{"id":586272,"category":{"id":586272,"name":"kangs name"},"name":"doggie","photoUrls":["kangs url"],"tags":[{"id":586272,"name":"kangs tag 586272"}],"status":"available"},{"id":209660,"category":{"id":1,"name":"Dogs"},"name":"TestDog_1767335509660","photoUrls":["https://example.com/photos/test-dog.jpg"],"tags":[{"id":1,"name":"test"},{"id":2,"name":"automated"}],"status":"available"},{"id":210290,"name":"Valid Pet Name","photoUrls":["https://example.com/photo.jpg"],"tags":[],"status":"available"},{"id":301659,"category":{"id":1,"name":"Dogs"},"name":"TestPet_XML","photoUrls":["https://example.com/photo1.jpg"],"tags":[{"id":1,"name":"test-tag"}],"status":"available"},{"id":816104,"category":{"id":816104,"name":"kangs name"},"name":"doggie","photoUrls":["kangs url"],"tags":[{"id":816104,"name":"kangs tag 816104"}],"status":"available"},{"id":157232,"category":{"id":157232,"name":"kangs name"},"name":"doggie","photoUrls":["kangs url"],"tags":[{"id":157232,"name":"kangs tag 157232"}],"status":"available"},{"id":603978,"category":{"id":1,"name":"Dogs"},"name":"TestPet_XML","photoUrls":["https://example.com/photo1.jpg"],"tags":[{"id":1,"name":"test-tag"}],"status":"available"},{"id":99481,"category":{"id":99481,"name":"kangs name"},"name":"doggie","photoUrls":["kangs url"],"tags":[{"id":99481,"name":"kangs tag 99481"}],"status":"available"},{"id":46447,"category":{"id":46447,"name":"kangs name"},"name":"doggie","photoUrls":["kangs url"],"tags":[{"id":46447,"name":"kangs tag 46447"}],"status":"available"},{"id":237966,"category":{"id":237966,"name":"kangs name"},"name":"doggie","photoUrls":["kangs url"],"tags":[{"id":237966,"name":"kangs tag 237966"}],"status":"available"},{"id":346285,"category":{"id":346285,"name":"kangs name"},"name":"doggie","photoUrls":["kangs url"],"tags":[{"id":346285,"name":"kangs tag 346285"}],"status":"available"},{"id":604247,"category":{"id":604247,"name":"kangs name"},"name":"doggie","photoUrls":["kangs url"],"tags":[{"id":604247,"name":"kangs tag 604247"}],"status":"available"},{"id":175875,"category":{"id":175875,"name":"kangs name"},"name":"doggie","photoUrls":["kangs url"],"tags":[{"id":175875,"name":"kangs tag 175875"}],"status":"available"},{"id":959496,"category":{"id":959496,"name":"kangs name"},"name":"doggie","photoUrls":["kangs url"],"tags":[{"id":959496,"name":"kangs tag 959496"}],"status":"available"},{"id":79705,"category":{"id":79705,"name":"kangs name"},"name":"doggie","photoUrls":["kangs url"],"tags":[{"id":79705,"name":"kangs tag 79705"}],"status":"available"},{"id":509857,"category":{"id":509857,"name":"kangs name"},"name":"doggie","photoUrls":["kangs url"],"tags":[{"id":509857,"name":"kangs tag 509857"}],"status":"available"},{"id":972126,"category":{"id":972126,"name":"kangs name"},"name":"doggie","photoUrls":["kangs url"],"tags":[{"id":972126,"name":"kangs tag 972126"}],"status":"available"},{"id":875677,"category":{"id":875677,"name":"kangs name"},"name":"doggie","photoUrls":["kangs url"],"tags":[{"id":875677,"name":"kangs tag 875677"}],"status":"available"},{"id":886205,"category":{"id":886205,"name":"kangs name"},"name":"doggie","photoUrls":["kangs url"],"tags":[{"id":886205,"name":"kangs tag 886205"}],"status":"available"},{"id":608635,"category":{"id":608635,"name":"kangs name"},"name":"doggie","photoUrls":["kangs url"],"tags":[{"id":608635,"name":"kangs tag 608635"}],"status":"available"},{"id":43851,"category":{"id":43851,"name":"kangs name"},"name":"doggie","photoUrls":["kangs url"],"tags":[{"id":43851,"name":"kangs tag 43851"}],"status":"available"},{"id":219015,"category":{"id":219015,"name":"kangs name"},"name":"doggie","photoUrls":["kangs url"],"tags":[{"id":219015,"name":"kangs tag 219015"}],"status":"available"},{"id":388067,"category":{"id":388067,"name":"kangs name"},"name":"doggie","photoUrls":["kangs url"],"tags":[{"id":388067,"name":"kangs tag 388067"}],"status":"available"},{"id":730477,"category":{"id":730477,"name":"kangs name"},"name":"doggie","photoUrls":["kangs url"],"tags":[{"id":730477,"name":"kangs tag 730477"}],"status":"available"},{"id":618960,"category":{"id":618960,"name":"kangs name"},"name":"doggie","photoUrls":["kangs url"],"tags":[{"id":618960,"name":"kangs tag 618960"}],"status":"available"},{"id":270036,"category":{"id":270036,"name":"kangs name"},"name":"doggie","photoUrls":["kangs url"],"tags":[{"id":270036,"name":"kangs tag 270036"}],"status":"available"},{"id":458988,"category":{"id":458988,"name":"kangs name"},"name":"doggie","photoUrls":["kangs url"],"tags":[{"id":458988,"name":"kangs tag 458988"}],"status":"available"},{"id":542426,"category":{"id":542426,"name":"kangs name"},"name":"doggie","photoUrls":["kangs url"],"tags":[{"id":542426,"name":"kangs tag 542426"}],"status":"available"},{"id":9223372036854775807,"category":{"id":0,"name":"string"},"name":"doggie","photoUrls":["string"],"tags":[{"id":0,"name":"string"}],"status":"available"},{"id":754567,"category":{"id":754567,"name":"kangs name"},"name":"doggie","photoUrls":["kangs url"],"tags":[{"id":754567,"name":"kangs tag 754567"}],"status":"available"},{"id":905511,"category":{"id":1,"name":"Dogs"},"name":"TestPet_XML","photoUrls":["https://example.com/photo1.jpg"],"tags":[{"id":1,"name":"test-tag"}],"status":"available"},{"id":994716,"category":{"id":994716,"name":"kangs name"},"name":"doggie","photoUrls":["kangs url"],"tags":[{"id":994716,"name":"kangs tag 994716"}],"status":"available"},{"id":745215,"category":{"id":1,"name":"Dogs"},"name":"WorkflowDog-745215","photoUrls":["https://example.com/photo1.jpg"],"tags":[{"id":1,"name":"test-tag"}],"status":"available"},{"id":1084277,"category":{"id":1,"name":"Dogs"},"name":"TestDog-1084277","photoUrls":["https://example.com/photo1.jpg"],"tags":[{"id":1,"name":"test-tag"}],"status":"available"},{"id":242654,"category":{"id":1,"name":"Dogs"},"name":"TestDog-242654","photoUrls":["https://example.com/photo1.jpg"],"tags":[{"id":1,"name":"test-tag"}],"status":"available"},{"id":926918,"category":{"id":926918,"name":"kangs name"},"name":"doggie","photoUrls":["kangs url"],"tags":[{"id":926918,"name":"kangs tag 926918"}],"status":"available"},{"id":299827,"category":{"id":299827,"name":"kangs name"},"name":"doggie","photoUrls":["kangs url"],"tags":[{"id":299827,"name":"kangs tag 299827"}],"status":"available"},{"id":328436,"category":{"id":328436,"name":"kangs name"},"name":"doggie","photoUrls":["kangs url"],"tags":[{"id":328436,"name":"kangs tag 328436"}],"status":"available"},{"id":305617,"category":{"id":1,"name":"Dogs"},"name":"TestPet_XML","photoUrls":["https://example.com/photo1.jpg"],"tags":[{"id":1,"name":"test-tag"}],"status":"available"},{"id":607981,"category":{"id":1,"name":"Dogs"},"name":"TestPet_XML","photoUrls":["https://example.com/photo1.jpg"],"tags":[{"id":1,"name":"test-tag"}],"status":"available"},{"id":894592,"category":{"id":894592,"name":"kangs name"},"name":"doggie","photoUrls":["kangs url"],"tags":[{"id":894592,"name":"kangs tag 894592"}],"status":"available"},{"id":1033985,"category":{"id":1,"name":"Dogs"},"name":"TestDog-1033985","photoUrls":["https://example.com/photo1.jpg"],"tags":[{"id":1,"name":"test-tag"}],"status":"available"},{"id":294296,"category":{"id":1,"name":"Dogs"},"name":"WorkflowDog-294296","photoUrls":["https://example.com/photo1.jpg"],"tags":[{"id":1,"name":"test-tag"}],"status":"available"},{"id":214923,"category":{"id":1,"name":"Dogs"},"name":"TestDog_1767336214923","photoUrls":["https://example.com/photos/test-dog.jpg"],"tags":[{"id":1,"name":"test"},{"id":2,"name":"automated"}],"status":"available"},{"id":215472,"name":"Valid Pet Name","photoUrls":["https://example.com/photo.jpg"],"tags":[],"status":"available"},{"id":100005,"category":{"id":2,"name":"Puppies"},"name":"Pending Puppy","photoUrls":["https://example.com/puppy.jpg"],"tags":[],"status":"available"}]
667
]]></system-out>
  </testcase>
  <testcase name="uploadPetImage" classname="spec.petServiceSpecTest" time="9.58">
    <system-out><![CDATA[ENV USED = PROD
BASE URI = https://petstore.swagger.io
{"code":200,"type":"unknown","message":"additionalMetadata: null\nFile uploaded to ./pexels-michael-pointner-134459625-29676412.jpg, 1076639 bytes"}
]]></system-out>
  </testcase>
</testsuite>