<?xml version="1.0" encoding="UTF-8"?>
<testng-results ignored="0" total="2" passed="2" failed="0" skipped="0">
  <reporter-output>
  </reporter-output>
  <suite started-at="2025-12-30T12:23:35 IST" name="Surefire suite" finished-at="2025-12-30T12:23:46 IST" duration-ms="10892">
    <groups>
    </groups>
    <test started-at="2025-12-30T12:23:35 IST" name="Surefire test" finished-at="2025-12-30T12:23:46 IST" duration-ms="10892">
      <class name="spec.petServiceSpecTest">
        <test-method is-config="true" signature="beforeSuite()[pri:0, instance:spec.petServiceSpecTest@f5acb9d]" started-at="2025-12-30T12:23:35 IST" name="beforeSuite" finished-at="2025-12-30T12:23:35 IST" duration-ms="37" status="PASS">
          <reporter-output>
          </reporter-output>
        </test-method> <!-- beforeSuite -->
        <test-method is-config="true" signature="setup()[pri:0, instance:spec.petServiceSpecTest@f5acb9d]" started-at="2025-12-30T12:23:35 IST" name="setup" finished-at="2025-12-30T12:23:36 IST" duration-ms="836" status="PASS">
          <reporter-output>
          </reporter-output>
        </test-method> <!-- setup -->
        <test-method signature="addingPet()[pri:0, instance:spec.petServiceSpecTest@f5acb9d]" started-at="2025-12-30T12:23:36 IST" name="addingPet" finished-at="2025-12-30T12:23:42 IST" duration-ms="5809" status="PASS">
          <reporter-output>
          </reporter-output>
        </test-method> <!-- addingPet -->
        <test-method signature="uploadPetImage()[pri:0, instance:spec.petServiceSpecTest@f5acb9d]" started-at="2025-12-30T12:23:42 IST" name="uploadPetImage" finished-at="2025-12-30T12:23:46 IST" duration-ms="4060" status="PASS">
          <reporter-output>
          </reporter-output>
        </test-method> <!-- uploadPetImage -->
      </class> <!-- spec.petServiceSpecTest -->
    </test> <!-- Surefire test -->
  </suite> <!-- Surefire suite -->
</testng-results>
