<?xml version="1.0" encoding="UTF-8"?>
<testsuite xmlns:xsi="http://www.w3.org/2001/XMLSchema-instance" xsi:noNamespaceSchemaLocation="https://maven.apache.org/surefire/maven-surefire-plugin/xsd/surefire-test-report.xsd" version="3.0.2" name="spec.petServiceSpecTest" time="12.45" tests="2" errors="0" skipped="0" failures="0">
  <properties>
[...]
</properties>
  <testcase name="addingPet" classname="spec.petServiceSpecTest" time="5.721">
    <system-out><![CDATA[ENV USED = PROD
BASE URI = https://petstore.swagger.io
this is common request class methodhttps://petstore.swagger.io
no environment
{"id":9223372016900015115,"category":{"id":0,"name":"string"},"name":"doggie","photoUrls":["string"],"tags":[{"id":0,"name":"string"}],"status":"available"}
]]></system-out>
    <system-err><![CDATA[SLF4J: Failed to load class "org.slf4j.impl.StaticLoggerBinder".
SLF4J: Defaulting to no-operation (NOP) logger implementation
SLF4J: See http://www.slf4j.org/codes.html#StaticLoggerBinder for further details.
]]></system-err>
  </testcase>
  <testcase name="uploadPetImage" classname="spec.petServiceSpecTest" time="4.057">
    <system-out><![CDATA[{"code":200,"type":"unknown","message":"additionalMetadata: null\nFile uploaded to ./pexels-michael-pointner-134459625-29676412.jpg, 1076639 bytes"}
]]></system-out>
  </testcase>
</testsuite>