<?xml version="1.0" encoding="UTF-8"?>
<testng-results ignored="0" total="2" passed="2" failed="0" skipped="0">
  <reporter-output>
  </reporter-output>
  <suite started-at="2025-12-29T13:55:15 IST" name="Default suite" finished-at="2025-12-29T13:55:28 IST" duration-ms="13091">
    <groups>
    </groups>
    <test started-at="2025-12-29T13:55:15 IST" name="Default test" finished-at="2025-12-29T13:55:28 IST" duration-ms="13091">
      <class name="spec.petServiceSpec">
        <test-method is-config="true" signature="setup()[pri:0, instance:spec.petServiceSpec@75d4a5c2]" started-at="2025-12-29T13:55:15 IST" name="setup" finished-at="2025-12-29T13:55:16 IST" duration-ms="969" status="PASS">
          <reporter-output>
          </reporter-output>
        </test-method> <!-- setup -->
        <test-method signature="addingPet()[pri:0, instance:spec.petServiceSpec@75d4a5c2]" started-at="2025-12-29T13:55:16 IST" name="addingPet" finished-at="2025-12-29T13:55:22 IST" duration-ms="6701" status="PASS">
          <reporter-output>
          </reporter-output>
        </test-method> <!-- addingPet -->
        <test-method signature="uploadPetImage()[pri:0, instance:spec.petServiceSpec@75d4a5c2]" started-at="2025-12-29T13:55:22 IST" name="uploadPetImage" finished-at="2025-12-29T13:55:28 IST" duration-ms="5327" status="PASS">
          <reporter-output>
          </reporter-output>
        </test-method> <!-- uploadPetImage -->
      </class> <!-- spec.petServiceSpec -->
    </test> <!-- Default test -->
  </suite> <!-- Default suite -->
</testng-results>
