<?xml version="1.0" encoding="UTF-8"?>
<!-- Generated by org.testng.reporters.JUnitReportReporter -->
<testsuite hostname="DESKTOP-TAQ1EJT" failures="0" tests="4" name="spec.petServiceSpecTest" time="21.946" errors="0" timestamp="2026-01-02T12:14:15 IST" skipped="0">
  <testcase classname="spec.petServiceSpecTest" name="uploadPetImage" time="9.711"/>
  <testcase classname="spec.petServiceSpecTest" name="findByPetStatus" time="4.099"/>
  <testcase classname="spec.petServiceSpecTest" name="addingPet" time="5.387"/>
  <testcase classname="spec.petServiceSpecTest" name="addingPetByGettingExcel" time="2.749"/>
</testsuite> <!-- spec.petServiceSpecTest -->
